[2020-10-20 06:58:40] production.ERROR: Swift_IoException: Connection to smtp.sendgrid.net:465 Timed Out in C:\xampp\htdocs\luis-com\vendor\swiftmailer\swiftmailer\lib\classes\Swift\Transport\StreamBuffer.php:166
Stack trace:
#0 C:\xampp\htdocs\luis-com\vendor\swiftmailer\swiftmailer\lib\classes\Swift\Transport\AbstractSmtpTransport.php(467): Swift_Transport_StreamBuffer->readLine(0)
#1 C:\xampp\htdocs\luis-com\vendor\swiftmailer\swiftmailer\lib\classes\Swift\Transport\AbstractSmtpTransport.php(358): Swift_Transport_AbstractSmtpTransport->getFullResponse(0)
#2 C:\xampp\htdocs\luis-com\vendor\swiftmailer\swiftmailer\lib\classes\Swift\Transport\AbstractSmtpTransport.php(147): Swift_Transport_AbstractSmtpTransport->readGreeting()
#3 C:\xampp\htdocs\luis-com\vendor\swiftmailer\swiftmailer\lib\classes\Swift\Mailer.php(65): Swift_Transport_AbstractSmtpTransport->start()
#4 C:\xampp\htdocs\luis-com\vendor\illuminate\mail\Mailer.php(483): Swift_Mailer->send(Object(Swift_Message), Array)
#5 C:\xampp\htdocs\luis-com\vendor\illuminate\mail\Mailer.php(259): Illuminate\Mail\Mailer->sendSwiftMessage(Object(Swift_Message))
#6 C:\xampp\htdocs\luis-com\vendor\illuminate\mail\Mailer.php(183): Illuminate\Mail\Mailer->send(NULL, Array, Object(Closure))
#7 C:\xampp\htdocs\luis-com\vendor\flarum\core\src\Mail\Job\SendRawEmailJob.php(34): Illuminate\Mail\Mailer->raw('Hey llupRisingl...', Object(Closure))
#8 [internal function]: Flarum\Mail\Job\SendRawEmailJob->handle(Object(Illuminate\Mail\Mailer))
#9 C:\xampp\htdocs\luis-com\vendor\illuminate\container\BoundMethod.php(29): call_user_func_array(Array, Array)
#10 C:\xampp\htdocs\luis-com\vendor\illuminate\container\BoundMethod.php(87): Illuminate\Container\BoundMethod::Illuminate\Container\{closure}()
#11 C:\xampp\htdocs\luis-com\vendor\illuminate\container\BoundMethod.php(31): Illuminate\Container\BoundMethod::callBoundMethod(Object(Flarum\Foundation\Application), Array, Object(Closure))
#12 C:\xampp\htdocs\luis-com\vendor\illuminate\container\Container.php(572): Illuminate\Container\BoundMethod::call(Object(Flarum\Foundation\Application), Array, Array, NULL)
#13 C:\xampp\htdocs\luis-com\vendor\illuminate\bus\Dispatcher.php(94): Illuminate\Container\Container->call(Array)
#14 C:\xampp\htdocs\luis-com\vendor\illuminate\pipeline\Pipeline.php(128): Illuminate\Bus\Dispatcher->Illuminate\Bus\{closure}(Object(Flarum\Mail\Job\SendRawEmailJob))
#15 C:\xampp\htdocs\luis-com\vendor\illuminate\pipeline\Pipeline.php(104): Illuminate\Pipeline\Pipeline->Illuminate\Pipeline\{closure}(Object(Flarum\Mail\Job\SendRawEmailJob))
#16 C:\xampp\htdocs\luis-com\vendor\illuminate\bus\Dispatcher.php(98): Illuminate\Pipeline\Pipeline->then(Object(Closure))
#17 C:\xampp\htdocs\luis-com\vendor\illuminate\queue\CallQueuedHandler.php(49): Illuminate\Bus\Dispatcher->dispatchNow(Object(Flarum\Mail\Job\SendRawEmailJob), false)
#18 C:\xampp\htdocs\luis-com\vendor\illuminate\queue\Jobs\Job.php(83): Illuminate\Queue\CallQueuedHandler->call(Object(Illuminate\Queue\Jobs\SyncJob), Array)
#19 C:\xampp\htdocs\luis-com\vendor\illuminate\queue\SyncQueue.php(42): Illuminate\Queue\Jobs\Job->fire()
#20 C:\xampp\htdocs\luis-com\vendor\flarum\core\src\User\EmailConfirmationMailer.php(57): Illuminate\Queue\SyncQueue->push(Object(Flarum\Mail\Job\SendRawEmailJob))
#21 [internal function]: Flarum\User\EmailConfirmationMailer->handle(Object(Flarum\User\Event\EmailChangeRequested))
#22 C:\xampp\htdocs\luis-com\vendor\illuminate\events\Dispatcher.php(379): call_user_func_array(Array, Array)
#23 C:\xampp\htdocs\luis-com\vendor\illuminate\events\Dispatcher.php(209): Illuminate\Events\Dispatcher->Illuminate\Events\{closure}('Flarum\\User\\Eve...', Array)
#24 C:\xampp\htdocs\luis-com\vendor\flarum\core\src\Foundation\DispatchEventsTrait.php(33): Illuminate\Events\Dispatcher->dispatch('Flarum\\User\\Eve...')
#25 C:\xampp\htdocs\luis-com\vendor\flarum\core\src\User\Command\EditUserHandler.php(140): Flarum\User\Command\EditUserHandler->dispatchEventsFor(Object(Flarum\User\User), Object(Flarum\User\User))
#26 C:\xampp\htdocs\luis-com\vendor\illuminate\bus\Dispatcher.php(90): Flarum\User\Command\EditUserHandler->handle(Object(Flarum\User\Command\EditUser))
#27 C:\xampp\htdocs\luis-com\vendor\illuminate\pipeline\Pipeline.php(128): Illuminate\Bus\Dispatcher->Illuminate\Bus\{closure}(Object(Flarum\User\Command\EditUser))
#28 C:\xampp\htdocs\luis-com\vendor\illuminate\pipeline\Pipeline.php(104): Illuminate\Pipeline\Pipeline->Illuminate\Pipeline\{closure}(Object(Flarum\User\Command\EditUser))
#29 C:\xampp\htdocs\luis-com\vendor\illuminate\bus\Dispatcher.php(98): Illuminate\Pipeline\Pipeline->then(Object(Closure))
#30 C:\xampp\htdocs\luis-com\vendor\illuminate\bus\Dispatcher.php(76): Illuminate\Bus\Dispatcher->dispatchNow(Object(Flarum\User\Command\EditUser))
#31 C:\xampp\htdocs\luis-com\vendor\flarum\core\src\Api\Controller\UpdateUserController.php(70): Illuminate\Bus\Dispatcher->dispatch(Object(Flarum\User\Command\EditUser))
#32 C:\xampp\htdocs\luis-com\vendor\flarum\core\src\Api\Controller\AbstractSerializeController.php(96): Flarum\Api\Controller\UpdateUserController->data(Object(Laminas\Diactoros\ServerRequest), Object(Tobscure\JsonApi\Document))
#33 C:\xampp\htdocs\luis-com\vendor\flarum\core\src\Http\RouteHandlerFactory.php(38): Flarum\Api\Controller\AbstractSerializeController->handle(Object(Laminas\Diactoros\ServerRequest))
#34 C:\xampp\htdocs\luis-com\vendor\flarum\core\src\Http\Middleware\DispatchRoute.php(65): Flarum\Http\RouteHandlerFactory->Flarum\Http\{closure}(Object(Laminas\Diactoros\ServerRequest), Array)
#35 C:\xampp\htdocs\luis-com\vendor\laminas\laminas-stratigility\src\Next.php(61): Flarum\Http\Middleware\DispatchRoute->process(Object(Laminas\Diactoros\ServerRequest), Object(Closure))
#36 C:\xampp\htdocs\luis-com\vendor\flarum\core\src\Http\Middleware\SetLocale.php(50): Laminas\Stratigility\Next->handle(Object(Laminas\Diactoros\ServerRequest))
#37 C:\xampp\htdocs\luis-com\vendor\laminas\laminas-stratigility\src\Next.php(61): Flarum\Http\Middleware\SetLocale->process(Object(Laminas\Diactoros\ServerRequest), Object(Laminas\Stratigility\Next))
#38 C:\xampp\htdocs\luis-com\vendor\flarum\core\src\Http\Middleware\CheckCsrfToken.php(45): Laminas\Stratigility\Next->handle(Object(Laminas\Diactoros\ServerRequest))
#39 C:\xampp\htdocs\luis-com\vendor\laminas\laminas-stratigility\src\Next.php(61): Flarum\Http\Middleware\CheckCsrfToken->process(Object(Laminas\Diactoros\ServerRequest), Object(Laminas\Stratigility\Next))
#40 C:\xampp\htdocs\luis-com\vendor\flarum\core\src\Http\Middleware\AuthenticateWithHeader.php(55): Laminas\Stratigility\Next->handle(Object(Laminas\Diactoros\ServerRequest))
#41 C:\xampp\htdocs\luis-com\vendor\laminas\laminas-stratigility\src\Next.php(61): Flarum\Http\Middleware\AuthenticateWithHeader->process(Object(Laminas\Diactoros\ServerRequest), Object(Laminas\Stratigility\Next))
#42 C:\xampp\htdocs\luis-com\vendor\flarum\core\src\Http\Middleware\AuthenticateWithSession.php(32): Laminas\Stratigility\Next->handle(Object(Laminas\Diactoros\ServerRequest))
#43 C:\xampp\htdocs\luis-com\vendor\laminas\laminas-stratigility\src\Next.php(61): Flarum\Http\Middleware\AuthenticateWithSession->process(Object(Laminas\Diactoros\ServerRequest), Object(Laminas\Stratigility\Next))
#44 C:\xampp\htdocs\luis-com\vendor\flarum\core\src\Http\Middleware\RememberFromCookie.php(51): Laminas\Stratigility\Next->handle(Object(Laminas\Diactoros\ServerRequest))
#45 C:\xampp\htdocs\luis-com\vendor\laminas\laminas-stratigility\src\Next.php(61): Flarum\Http\Middleware\RememberFromCookie->process(Object(Laminas\Diactoros\ServerRequest), Object(Laminas\Stratigility\Next))
#46 C:\xampp\htdocs\luis-com\vendor\flarum\core\src\Http\Middleware\StartSession.php(61): Laminas\Stratigility\Next->handle(Object(Laminas\Diactoros\ServerRequest))
#47 C:\xampp\htdocs\luis-com\vendor\laminas\laminas-stratigility\src\Next.php(61): Flarum\Http\Middleware\StartSession->process(Object(Laminas\Diactoros\ServerRequest), Object(Laminas\Stratigility\Next))
#48 C:\xampp\htdocs\luis-com\vendor\flarum\core\src\Api\Middleware\FakeHttpMethods.php(29): Laminas\Stratigility\Next->handle(Object(Laminas\Diactoros\ServerRequest))
#49 C:\xampp\htdocs\luis-com\vendor\laminas\laminas-stratigility\src\Next.php(61): Flarum\Api\Middleware\FakeHttpMethods->process(Object(Laminas\Diactoros\ServerRequest), Object(Laminas\Stratigility\Next))
#50 C:\xampp\htdocs\luis-com\vendor\flarum\core\src\Http\Middleware\ParseJsonBody.php(28): Laminas\Stratigility\Next->handle(Object(Laminas\Diactoros\ServerRequest))
#51 C:\xampp\htdocs\luis-com\vendor\laminas\laminas-stratigility\src\Next.php(61): Flarum\Http\Middleware\ParseJsonBody->process(Object(Laminas\Diactoros\ServerRequest), Object(Laminas\Stratigility\Next))
#52 C:\xampp\htdocs\luis-com\vendor\flarum\core\src\Http\Middleware\HandleErrors.php(57): Laminas\Stratigility\Next->handle(Object(Laminas\Diactoros\ServerRequest))
#53 C:\xampp\htdocs\luis-com\vendor\laminas\laminas-stratigility\src\Next.php(61): Flarum\Http\Middleware\HandleErrors->process(Object(Laminas\Diactoros\ServerRequest), Object(Laminas\Stratigility\Next))
#54 C:\xampp\htdocs\luis-com\vendor\laminas\laminas-stratigility\src\MiddlewarePipe.php(84): Laminas\Stratigility\Next->handle(Object(Laminas\Diactoros\ServerRequest))
#55 C:\xampp\htdocs\luis-com\vendor\middlewares\request-handler\src\RequestHandler.php(84): Laminas\Stratigility\MiddlewarePipe->process(Object(Laminas\Diactoros\ServerRequest), Object(Laminas\Stratigility\Next))
#56 C:\xampp\htdocs\luis-com\vendor\laminas\laminas-stratigility\src\Next.php(61): Middlewares\RequestHandler->process(Object(Laminas\Diactoros\ServerRequest), Object(Laminas\Stratigility\Next))
#57 C:\xampp\htdocs\luis-com\vendor\middlewares\base-path-router\src\BasePathRouter.php(97): Laminas\Stratigility\Next->handle(Object(Laminas\Diactoros\ServerRequest))
#58 C:\xampp\htdocs\luis-com\vendor\laminas\laminas-stratigility\src\Next.php(61): Middlewares\BasePathRouter->process(Object(Laminas\Diactoros\ServerRequest), Object(Laminas\Stratigility\Next))
#59 C:\xampp\htdocs\luis-com\vendor\laminas\laminas-stratigility\src\Middleware\OriginalMessages.php(42): Laminas\Stratigility\Next->handle(Object(Laminas\Diactoros\ServerRequest))
#60 C:\xampp\htdocs\luis-com\vendor\laminas\laminas-stratigility\src\Next.php(61): Laminas\Stratigility\Middleware\OriginalMessages->process(Object(Laminas\Diactoros\ServerRequest), Object(Laminas\Stratigility\Next))
#61 C:\xampp\htdocs\luis-com\vendor\middlewares\base-path\src\BasePath.php(53): Laminas\Stratigility\Next->handle(Object(Laminas\Diactoros\ServerRequest))
#62 C:\xampp\htdocs\luis-com\vendor\laminas\laminas-stratigility\src\Next.php(61): Middlewares\BasePath->process(Object(Laminas\Diactoros\ServerRequest), Object(Laminas\Stratigility\Next))
#63 C:\xampp\htdocs\luis-com\vendor\laminas\laminas-stratigility\src\MiddlewarePipe.php(84): Laminas\Stratigility\Next->handle(Object(Laminas\Diactoros\ServerRequest))
#64 C:\xampp\htdocs\luis-com\vendor\laminas\laminas-stratigility\src\MiddlewarePipe.php(73): Laminas\Stratigility\MiddlewarePipe->process(Object(Laminas\Diactoros\ServerRequest), Object(Laminas\Stratigility\EmptyPipelineHandler))
#65 C:\xampp\htdocs\luis-com\vendor\laminas\laminas-httphandlerrunner\src\RequestHandlerRunner.php(96): Laminas\Stratigility\MiddlewarePipe->handle(Object(Laminas\Diactoros\ServerRequest))
#66 C:\xampp\htdocs\luis-com\vendor\flarum\core\src\Http\Server.php(42): Laminas\HttpHandlerRunner\RequestHandlerRunner->run()
#67 C:\xampp\htdocs\luis-com\public\index.php(26): Flarum\Http\Server->listen()
#68 {main}

Next Swift_TransportException: Connection to smtp.sendgrid.net:465 Timed Out in C:\xampp\htdocs\luis-com\vendor\swiftmailer\swiftmailer\lib\classes\Swift\Transport\AbstractSmtpTransport.php:473
Stack trace:
#0 C:\xampp\htdocs\luis-com\vendor\swiftmailer\swiftmailer\lib\classes\Swift\Transport\AbstractSmtpTransport.php(358): Swift_Transport_AbstractSmtpTransport->getFullResponse(0)
#1 C:\xampp\htdocs\luis-com\vendor\swiftmailer\swiftmailer\lib\classes\Swift\Transport\AbstractSmtpTransport.php(147): Swift_Transport_AbstractSmtpTransport->readGreeting()
#2 C:\xampp\htdocs\luis-com\vendor\swiftmailer\swiftmailer\lib\classes\Swift\Mailer.php(65): Swift_Transport_AbstractSmtpTransport->start()
#3 C:\xampp\htdocs\luis-com\vendor\illuminate\mail\Mailer.php(483): Swift_Mailer->send(Object(Swift_Message), Array)
#4 C:\xampp\htdocs\luis-com\vendor\illuminate\mail\Mailer.php(259): Illuminate\Mail\Mailer->sendSwiftMessage(Object(Swift_Message))
#5 C:\xampp\htdocs\luis-com\vendor\illuminate\mail\Mailer.php(183): Illuminate\Mail\Mailer->send(NULL, Array, Object(Closure))
#6 C:\xampp\htdocs\luis-com\vendor\flarum\core\src\Mail\Job\SendRawEmailJob.php(34): Illuminate\Mail\Mailer->raw('Hey llupRisingl...', Object(Closure))
#7 [internal function]: Flarum\Mail\Job\SendRawEmailJob->handle(Object(Illuminate\Mail\Mailer))
#8 C:\xampp\htdocs\luis-com\vendor\illuminate\container\BoundMethod.php(29): call_user_func_array(Array, Array)
#9 C:\xampp\htdocs\luis-com\vendor\illuminate\container\BoundMethod.php(87): Illuminate\Container\BoundMethod::Illuminate\Container\{closure}()
#10 C:\xampp\htdocs\luis-com\vendor\illuminate\container\BoundMethod.php(31): Illuminate\Container\BoundMethod::callBoundMethod(Object(Flarum\Foundation\Application), Array, Object(Closure))
#11 C:\xampp\htdocs\luis-com\vendor\illuminate\container\Container.php(572): Illuminate\Container\BoundMethod::call(Object(Flarum\Foundation\Application), Array, Array, NULL)
#12 C:\xampp\htdocs\luis-com\vendor\illuminate\bus\Dispatcher.php(94): Illuminate\Container\Container->call(Array)
#13 C:\xampp\htdocs\luis-com\vendor\illuminate\pipeline\Pipeline.php(128): Illuminate\Bus\Dispatcher->Illuminate\Bus\{closure}(Object(Flarum\Mail\Job\SendRawEmailJob))
#14 C:\xampp\htdocs\luis-com\vendor\illuminate\pipeline\Pipeline.php(104): Illuminate\Pipeline\Pipeline->Illuminate\Pipeline\{closure}(Object(Flarum\Mail\Job\SendRawEmailJob))
#15 C:\xampp\htdocs\luis-com\vendor\illuminate\bus\Dispatcher.php(98): Illuminate\Pipeline\Pipeline->then(Object(Closure))
#16 C:\xampp\htdocs\luis-com\vendor\illuminate\queue\CallQueuedHandler.php(49): Illuminate\Bus\Dispatcher->dispatchNow(Object(Flarum\Mail\Job\SendRawEmailJob), false)
#17 C:\xampp\htdocs\luis-com\vendor\illuminate\queue\Jobs\Job.php(83): Illuminate\Queue\CallQueuedHandler->call(Object(Illuminate\Queue\Jobs\SyncJob), Array)
#18 C:\xampp\htdocs\luis-com\vendor\illuminate\queue\SyncQueue.php(42): Illuminate\Queue\Jobs\Job->fire()
#19 C:\xampp\htdocs\luis-com\vendor\flarum\core\src\User\EmailConfirmationMailer.php(57): Illuminate\Queue\SyncQueue->push(Object(Flarum\Mail\Job\SendRawEmailJob))
#20 [internal function]: Flarum\User\EmailConfirmationMailer->handle(Object(Flarum\User\Event\EmailChangeRequested))
#21 C:\xampp\htdocs\luis-com\vendor\illuminate\events\Dispatcher.php(379): call_user_func_array(Array, Array)
#22 C:\xampp\htdocs\luis-com\vendor\illuminate\events\Dispatcher.php(209): Illuminate\Events\Dispatcher->Illuminate\Events\{closure}('Flarum\\User\\Eve...', Array)
#23 C:\xampp\htdocs\luis-com\vendor\flarum\core\src\Foundation\DispatchEventsTrait.php(33): Illuminate\Events\Dispatcher->dispatch('Flarum\\User\\Eve...')
#24 C:\xampp\htdocs\luis-com\vendor\flarum\core\src\User\Command\EditUserHandler.php(140): Flarum\User\Command\EditUserHandler->dispatchEventsFor(Object(Flarum\User\User), Object(Flarum\User\User))
#25 C:\xampp\htdocs\luis-com\vendor\illuminate\bus\Dispatcher.php(90): Flarum\User\Command\EditUserHandler->handle(Object(Flarum\User\Command\EditUser))
#26 C:\xampp\htdocs\luis-com\vendor\illuminate\pipeline\Pipeline.php(128): Illuminate\Bus\Dispatcher->Illuminate\Bus\{closure}(Object(Flarum\User\Command\EditUser))
#27 C:\xampp\htdocs\luis-com\vendor\illuminate\pipeline\Pipeline.php(104): Illuminate\Pipeline\Pipeline->Illuminate\Pipeline\{closure}(Object(Flarum\User\Command\EditUser))
#28 C:\xampp\htdocs\luis-com\vendor\illuminate\bus\Dispatcher.php(98): Illuminate\Pipeline\Pipeline->then(Object(Closure))
#29 C:\xampp\htdocs\luis-com\vendor\illuminate\bus\Dispatcher.php(76): Illuminate\Bus\Dispatcher->dispatchNow(Object(Flarum\User\Command\EditUser))
#30 C:\xampp\htdocs\luis-com\vendor\flarum\core\src\Api\Controller\UpdateUserController.php(70): Illuminate\Bus\Dispatcher->dispatch(Object(Flarum\User\Command\EditUser))
#31 C:\xampp\htdocs\luis-com\vendor\flarum\core\src\Api\Controller\AbstractSerializeController.php(96): Flarum\Api\Controller\UpdateUserController->data(Object(Laminas\Diactoros\ServerRequest), Object(Tobscure\JsonApi\Document))
#32 C:\xampp\htdocs\luis-com\vendor\flarum\core\src\Http\RouteHandlerFactory.php(38): Flarum\Api\Controller\AbstractSerializeController->handle(Object(Laminas\Diactoros\ServerRequest))
#33 C:\xampp\htdocs\luis-com\vendor\flarum\core\src\Http\Middleware\DispatchRoute.php(65): Flarum\Http\RouteHandlerFactory->Flarum\Http\{closure}(Object(Laminas\Diactoros\ServerRequest), Array)
#34 C:\xampp\htdocs\luis-com\vendor\laminas\laminas-stratigility\src\Next.php(61): Flarum\Http\Middleware\DispatchRoute->process(Object(Laminas\Diactoros\ServerRequest), Object(Closure))
#35 C:\xampp\htdocs\luis-com\vendor\flarum\core\src\Http\Middleware\SetLocale.php(50): Laminas\Stratigility\Next->handle(Object(Laminas\Diactoros\ServerRequest))
#36 C:\xampp\htdocs\luis-com\vendor\laminas\laminas-stratigility\src\Next.php(61): Flarum\Http\Middleware\SetLocale->process(Object(Laminas\Diactoros\ServerRequest), Object(Laminas\Stratigility\Next))
#37 C:\xampp\htdocs\luis-com\vendor\flarum\core\src\Http\Middleware\CheckCsrfToken.php(45): Laminas\Stratigility\Next->handle(Object(Laminas\Diactoros\ServerRequest))
#38 C:\xampp\htdocs\luis-com\vendor\laminas\laminas-stratigility\src\Next.php(61): Flarum\Http\Middleware\CheckCsrfToken->process(Object(Laminas\Diactoros\ServerRequest), Object(Laminas\Stratigility\Next))
#39 C:\xampp\htdocs\luis-com\vendor\flarum\core\src\Http\Middleware\AuthenticateWithHeader.php(55): Laminas\Stratigility\Next->handle(Object(Laminas\Diactoros\ServerRequest))
#40 C:\xampp\htdocs\luis-com\vendor\laminas\laminas-stratigility\src\Next.php(61): Flarum\Http\Middleware\AuthenticateWithHeader->process(Object(Laminas\Diactoros\ServerRequest), Object(Laminas\Stratigility\Next))
#41 C:\xampp\htdocs\luis-com\vendor\flarum\core\src\Http\Middleware\AuthenticateWithSession.php(32): Laminas\Stratigility\Next->handle(Object(Laminas\Diactoros\ServerRequest))
#42 C:\xampp\htdocs\luis-com\vendor\laminas\laminas-stratigility\src\Next.php(61): Flarum\Http\Middleware\AuthenticateWithSession->process(Object(Laminas\Diactoros\ServerRequest), Object(Laminas\Stratigility\Next))
#43 C:\xampp\htdocs\luis-com\vendor\flarum\core\src\Http\Middleware\RememberFromCookie.php(51): Laminas\Stratigility\Next->handle(Object(Laminas\Diactoros\ServerRequest))
#44 C:\xampp\htdocs\luis-com\vendor\laminas\laminas-stratigility\src\Next.php(61): Flarum\Http\Middleware\RememberFromCookie->process(Object(Laminas\Diactoros\ServerRequest), Object(Laminas\Stratigility\Next))
#45 C:\xampp\htdocs\luis-com\vendor\flarum\core\src\Http\Middleware\StartSession.php(61): Laminas\Stratigility\Next->handle(Object(Laminas\Diactoros\ServerRequest))
#46 C:\xampp\htdocs\luis-com\vendor\laminas\laminas-stratigility\src\Next.php(61): Flarum\Http\Middleware\StartSession->process(Object(Laminas\Diactoros\ServerRequest), Object(Laminas\Stratigility\Next))
#47 C:\xampp\htdocs\luis-com\vendor\flarum\core\src\Api\Middleware\FakeHttpMethods.php(29): Laminas\Stratigility\Next->handle(Object(Laminas\Diactoros\ServerRequest))
#48 C:\xampp\htdocs\luis-com\vendor\laminas\laminas-stratigility\src\Next.php(61): Flarum\Api\Middleware\FakeHttpMethods->process(Object(Laminas\Diactoros\ServerRequest), Object(Laminas\Stratigility\Next))
#49 C:\xampp\htdocs\luis-com\vendor\flarum\core\src\Http\Middleware\ParseJsonBody.php(28): Laminas\Stratigility\Next->handle(Object(Laminas\Diactoros\ServerRequest))
#50 C:\xampp\htdocs\luis-com\vendor\laminas\laminas-stratigility\src\Next.php(61): Flarum\Http\Middleware\ParseJsonBody->process(Object(Laminas\Diactoros\ServerRequest), Object(Laminas\Stratigility\Next))
#51 C:\xampp\htdocs\luis-com\vendor\flarum\core\src\Http\Middleware\HandleErrors.php(57): Laminas\Stratigility\Next->handle(Object(Laminas\Diactoros\ServerRequest))
#52 C:\xampp\htdocs\luis-com\vendor\laminas\laminas-stratigility\src\Next.php(61): Flarum\Http\Middleware\HandleErrors->process(Object(Laminas\Diactoros\ServerRequest), Object(Laminas\Stratigility\Next))
#53 C:\xampp\htdocs\luis-com\vendor\laminas\laminas-stratigility\src\MiddlewarePipe.php(84): Laminas\Stratigility\Next->handle(Object(Laminas\Diactoros\ServerRequest))
#54 C:\xampp\htdocs\luis-com\vendor\middlewares\request-handler\src\RequestHandler.php(84): Laminas\Stratigility\MiddlewarePipe->process(Object(Laminas\Diactoros\ServerRequest), Object(Laminas\Stratigility\Next))
#55 C:\xampp\htdocs\luis-com\vendor\laminas\laminas-stratigility\src\Next.php(61): Middlewares\RequestHandler->process(Object(Laminas\Diactoros\ServerRequest), Object(Laminas\Stratigility\Next))
#56 C:\xampp\htdocs\luis-com\vendor\middlewares\base-path-router\src\BasePathRouter.php(97): Laminas\Stratigility\Next->handle(Object(Laminas\Diactoros\ServerRequest))
#57 C:\xampp\htdocs\luis-com\vendor\laminas\laminas-stratigility\src\Next.php(61): Middlewares\BasePathRouter->process(Object(Laminas\Diactoros\ServerRequest), Object(Laminas\Stratigility\Next))
#58 C:\xampp\htdocs\luis-com\vendor\laminas\laminas-stratigility\src\Middleware\OriginalMessages.php(42): Laminas\Stratigility\Next->handle(Object(Laminas\Diactoros\ServerRequest))
#59 C:\xampp\htdocs\luis-com\vendor\laminas\laminas-stratigility\src\Next.php(61): Laminas\Stratigility\Middleware\OriginalMessages->process(Object(Laminas\Diactoros\ServerRequest), Object(Laminas\Stratigility\Next))
#60 C:\xampp\htdocs\luis-com\vendor\middlewares\base-path\src\BasePath.php(53): Laminas\Stratigility\Next->handle(Object(Laminas\Diactoros\ServerRequest))
#61 C:\xampp\htdocs\luis-com\vendor\laminas\laminas-stratigility\src\Next.php(61): Middlewares\BasePath->process(Object(Laminas\Diactoros\ServerRequest), Object(Laminas\Stratigility\Next))
#62 C:\xampp\htdocs\luis-com\vendor\laminas\laminas-stratigility\src\MiddlewarePipe.php(84): Laminas\Stratigility\Next->handle(Object(Laminas\Diactoros\ServerRequest))
#63 C:\xampp\htdocs\luis-com\vendor\laminas\laminas-stratigility\src\MiddlewarePipe.php(73): Laminas\Stratigility\MiddlewarePipe->process(Object(Laminas\Diactoros\ServerRequest), Object(Laminas\Stratigility\EmptyPipelineHandler))
#64 C:\xampp\htdocs\luis-com\vendor\laminas\laminas-httphandlerrunner\src\RequestHandlerRunner.php(96): Laminas\Stratigility\MiddlewarePipe->handle(Object(Laminas\Diactoros\ServerRequest))
#65 C:\xampp\htdocs\luis-com\vendor\flarum\core\src\Http\Server.php(42): Laminas\HttpHandlerRunner\RequestHandlerRunner->run()
#66 C:\xampp\htdocs\luis-com\public\index.php(26): Flarum\Http\Server->listen()
#67 {main}  
[2020-10-20 06:58:40] production.ERROR: Swift_IoException: Connection to smtp.sendgrid.net:465 Timed Out in C:\xampp\htdocs\luis-com\vendor\swiftmailer\swiftmailer\lib\classes\Swift\Transport\StreamBuffer.php:166
Stack trace:
#0 C:\xampp\htdocs\luis-com\vendor\swiftmailer\swiftmailer\lib\classes\Swift\Transport\AbstractSmtpTransport.php(467): Swift_Transport_StreamBuffer->readLine(0)
#1 C:\xampp\htdocs\luis-com\vendor\swiftmailer\swiftmailer\lib\classes\Swift\Transport\AbstractSmtpTransport.php(358): Swift_Transport_AbstractSmtpTransport->getFullResponse(0)
#2 C:\xampp\htdocs\luis-com\vendor\swiftmailer\swiftmailer\lib\classes\Swift\Transport\AbstractSmtpTransport.php(147): Swift_Transport_AbstractSmtpTransport->readGreeting()
#3 C:\xampp\htdocs\luis-com\vendor\swiftmailer\swiftmailer\lib\classes\Swift\Mailer.php(65): Swift_Transport_AbstractSmtpTransport->start()
#4 C:\xampp\htdocs\luis-com\vendor\illuminate\mail\Mailer.php(483): Swift_Mailer->send(Object(Swift_Message), Array)
#5 C:\xampp\htdocs\luis-com\vendor\illuminate\mail\Mailer.php(259): Illuminate\Mail\Mailer->sendSwiftMessage(Object(Swift_Message))
#6 C:\xampp\htdocs\luis-com\vendor\illuminate\mail\Mailer.php(183): Illuminate\Mail\Mailer->send(NULL, Array, Object(Closure))
#7 C:\xampp\htdocs\luis-com\vendor\flarum\core\src\Mail\Job\SendRawEmailJob.php(34): Illuminate\Mail\Mailer->raw('Hey llupRisingl...', Object(Closure))
#8 [internal function]: Flarum\Mail\Job\SendRawEmailJob->handle(Object(Illuminate\Mail\Mailer))
#9 C:\xampp\htdocs\luis-com\vendor\illuminate\container\BoundMethod.php(29): call_user_func_array(Array, Array)
#10 C:\xampp\htdocs\luis-com\vendor\illuminate\container\BoundMethod.php(87): Illuminate\Container\BoundMethod::Illuminate\Container\{closure}()
#11 C:\xampp\htdocs\luis-com\vendor\illuminate\container\BoundMethod.php(31): Illuminate\Container\BoundMethod::callBoundMethod(Object(Flarum\Foundation\Application), Array, Object(Closure))
#12 C:\xampp\htdocs\luis-com\vendor\illuminate\container\Container.php(572): Illuminate\Container\BoundMethod::call(Object(Flarum\Foundation\Application), Array, Array, NULL)
#13 C:\xampp\htdocs\luis-com\vendor\illuminate\bus\Dispatcher.php(94): Illuminate\Container\Container->call(Array)
#14 C:\xampp\htdocs\luis-com\vendor\illuminate\pipeline\Pipeline.php(128): Illuminate\Bus\Dispatcher->Illuminate\Bus\{closure}(Object(Flarum\Mail\Job\SendRawEmailJob))
#15 C:\xampp\htdocs\luis-com\vendor\illuminate\pipeline\Pipeline.php(104): Illuminate\Pipeline\Pipeline->Illuminate\Pipeline\{closure}(Object(Flarum\Mail\Job\SendRawEmailJob))
#16 C:\xampp\htdocs\luis-com\vendor\illuminate\bus\Dispatcher.php(98): Illuminate\Pipeline\Pipeline->then(Object(Closure))
#17 C:\xampp\htdocs\luis-com\vendor\illuminate\queue\CallQueuedHandler.php(49): Illuminate\Bus\Dispatcher->dispatchNow(Object(Flarum\Mail\Job\SendRawEmailJob), false)
#18 C:\xampp\htdocs\luis-com\vendor\illuminate\queue\Jobs\Job.php(83): Illuminate\Queue\CallQueuedHandler->call(Object(Illuminate\Queue\Jobs\SyncJob), Array)
#19 C:\xampp\htdocs\luis-com\vendor\illuminate\queue\SyncQueue.php(42): Illuminate\Queue\Jobs\Job->fire()
#20 C:\xampp\htdocs\luis-com\vendor\flarum\core\src\User\EmailConfirmationMailer.php(57): Illuminate\Queue\SyncQueue->push(Object(Flarum\Mail\Job\SendRawEmailJob))
#21 [internal function]: Flarum\User\EmailConfirmationMailer->handle(Object(Flarum\User\Event\EmailChangeRequested))
#22 C:\xampp\htdocs\luis-com\vendor\illuminate\events\Dispatcher.php(379): call_user_func_array(Array, Array)
#23 C:\xampp\htdocs\luis-com\vendor\illuminate\events\Dispatcher.php(209): Illuminate\Events\Dispatcher->Illuminate\Events\{closure}('Flarum\\User\\Eve...', Array)
#24 C:\xampp\htdocs\luis-com\vendor\flarum\core\src\Foundation\DispatchEventsTrait.php(33): Illuminate\Events\Dispatcher->dispatch('Flarum\\User\\Eve...')
#25 C:\xampp\htdocs\luis-com\vendor\flarum\core\src\User\Command\EditUserHandler.php(140): Flarum\User\Command\EditUserHandler->dispatchEventsFor(Object(Flarum\User\User), Object(Flarum\User\User))
#26 C:\xampp\htdocs\luis-com\vendor\illuminate\bus\Dispatcher.php(90): Flarum\User\Command\EditUserHandler->handle(Object(Flarum\User\Command\EditUser))
#27 C:\xampp\htdocs\luis-com\vendor\illuminate\pipeline\Pipeline.php(128): Illuminate\Bus\Dispatcher->Illuminate\Bus\{closure}(Object(Flarum\User\Command\EditUser))
#28 C:\xampp\htdocs\luis-com\vendor\illuminate\pipeline\Pipeline.php(104): Illuminate\Pipeline\Pipeline->Illuminate\Pipeline\{closure}(Object(Flarum\User\Command\EditUser))
#29 C:\xampp\htdocs\luis-com\vendor\illuminate\bus\Dispatcher.php(98): Illuminate\Pipeline\Pipeline->then(Object(Closure))
#30 C:\xampp\htdocs\luis-com\vendor\illuminate\bus\Dispatcher.php(76): Illuminate\Bus\Dispatcher->dispatchNow(Object(Flarum\User\Command\EditUser))
#31 C:\xampp\htdocs\luis-com\vendor\flarum\core\src\Api\Controller\UpdateUserController.php(70): Illuminate\Bus\Dispatcher->dispatch(Object(Flarum\User\Command\EditUser))
#32 C:\xampp\htdocs\luis-com\vendor\flarum\core\src\Api\Controller\AbstractSerializeController.php(96): Flarum\Api\Controller\UpdateUserController->data(Object(Laminas\Diactoros\ServerRequest), Object(Tobscure\JsonApi\Document))
#33 C:\xampp\htdocs\luis-com\vendor\flarum\core\src\Http\RouteHandlerFactory.php(38): Flarum\Api\Controller\AbstractSerializeController->handle(Object(Laminas\Diactoros\ServerRequest))
#34 C:\xampp\htdocs\luis-com\vendor\flarum\core\src\Http\Middleware\DispatchRoute.php(65): Flarum\Http\RouteHandlerFactory->Flarum\Http\{closure}(Object(Laminas\Diactoros\ServerRequest), Array)
#35 C:\xampp\htdocs\luis-com\vendor\laminas\laminas-stratigility\src\Next.php(61): Flarum\Http\Middleware\DispatchRoute->process(Object(Laminas\Diactoros\ServerRequest), Object(Closure))
#36 C:\xampp\htdocs\luis-com\vendor\flarum\core\src\Http\Middleware\SetLocale.php(50): Laminas\Stratigility\Next->handle(Object(Laminas\Diactoros\ServerRequest))
#37 C:\xampp\htdocs\luis-com\vendor\laminas\laminas-stratigility\src\Next.php(61): Flarum\Http\Middleware\SetLocale->process(Object(Laminas\Diactoros\ServerRequest), Object(Laminas\Stratigility\Next))
#38 C:\xampp\htdocs\luis-com\vendor\flarum\core\src\Http\Middleware\CheckCsrfToken.php(45): Laminas\Stratigility\Next->handle(Object(Laminas\Diactoros\ServerRequest))
#39 C:\xampp\htdocs\luis-com\vendor\laminas\laminas-stratigility\src\Next.php(61): Flarum\Http\Middleware\CheckCsrfToken->process(Object(Laminas\Diactoros\ServerRequest), Object(Laminas\Stratigility\Next))
#40 C:\xampp\htdocs\luis-com\vendor\flarum\core\src\Http\Middleware\AuthenticateWithHeader.php(55): Laminas\Stratigility\Next->handle(Object(Laminas\Diactoros\ServerRequest))
#41 C:\xampp\htdocs\luis-com\vendor\laminas\laminas-stratigility\src\Next.php(61): Flarum\Http\Middleware\AuthenticateWithHeader->process(Object(Laminas\Diactoros\ServerRequest), Object(Laminas\Stratigility\Next))
#42 C:\xampp\htdocs\luis-com\vendor\flarum\core\src\Http\Middleware\AuthenticateWithSession.php(32): Laminas\Stratigility\Next->handle(Object(Laminas\Diactoros\ServerRequest))
#43 C:\xampp\htdocs\luis-com\vendor\laminas\laminas-stratigility\src\Next.php(61): Flarum\Http\Middleware\AuthenticateWithSession->process(Object(Laminas\Diactoros\ServerRequest), Object(Laminas\Stratigility\Next))
#44 C:\xampp\htdocs\luis-com\vendor\flarum\core\src\Http\Middleware\RememberFromCookie.php(51): Laminas\Stratigility\Next->handle(Object(Laminas\Diactoros\ServerRequest))
#45 C:\xampp\htdocs\luis-com\vendor\laminas\laminas-stratigility\src\Next.php(61): Flarum\Http\Middleware\RememberFromCookie->process(Object(Laminas\Diactoros\ServerRequest), Object(Laminas\Stratigility\Next))
#46 C:\xampp\htdocs\luis-com\vendor\flarum\core\src\Http\Middleware\StartSession.php(61): Laminas\Stratigility\Next->handle(Object(Laminas\Diactoros\ServerRequest))
#47 C:\xampp\htdocs\luis-com\vendor\laminas\laminas-stratigility\src\Next.php(61): Flarum\Http\Middleware\StartSession->process(Object(Laminas\Diactoros\ServerRequest), Object(Laminas\Stratigility\Next))
#48 C:\xampp\htdocs\luis-com\vendor\flarum\core\src\Api\Middleware\FakeHttpMethods.php(29): Laminas\Stratigility\Next->handle(Object(Laminas\Diactoros\ServerRequest))
#49 C:\xampp\htdocs\luis-com\vendor\laminas\laminas-stratigility\src\Next.php(61): Flarum\Api\Middleware\FakeHttpMethods->process(Object(Laminas\Diactoros\ServerRequest), Object(Laminas\Stratigility\Next))
#50 C:\xampp\htdocs\luis-com\vendor\flarum\core\src\Http\Middleware\ParseJsonBody.php(28): Laminas\Stratigility\Next->handle(Object(Laminas\Diactoros\ServerRequest))
#51 C:\xampp\htdocs\luis-com\vendor\laminas\laminas-stratigility\src\Next.php(61): Flarum\Http\Middleware\ParseJsonBody->process(Object(Laminas\Diactoros\ServerRequest), Object(Laminas\Stratigility\Next))
#52 C:\xampp\htdocs\luis-com\vendor\flarum\core\src\Http\Middleware\HandleErrors.php(57): Laminas\Stratigility\Next->handle(Object(Laminas\Diactoros\ServerRequest))
#53 C:\xampp\htdocs\luis-com\vendor\laminas\laminas-stratigility\src\Next.php(61): Flarum\Http\Middleware\HandleErrors->process(Object(Laminas\Diactoros\ServerRequest), Object(Laminas\Stratigility\Next))
#54 C:\xampp\htdocs\luis-com\vendor\laminas\laminas-stratigility\src\MiddlewarePipe.php(84): Laminas\Stratigility\Next->handle(Object(Laminas\Diactoros\ServerRequest))
#55 C:\xampp\htdocs\luis-com\vendor\middlewares\request-handler\src\RequestHandler.php(84): Laminas\Stratigility\MiddlewarePipe->process(Object(Laminas\Diactoros\ServerRequest), Object(Laminas\Stratigility\Next))
#56 C:\xampp\htdocs\luis-com\vendor\laminas\laminas-stratigility\src\Next.php(61): Middlewares\RequestHandler->process(Object(Laminas\Diactoros\ServerRequest), Object(Laminas\Stratigility\Next))
#57 C:\xampp\htdocs\luis-com\vendor\middlewares\base-path-router\src\BasePathRouter.php(97): Laminas\Stratigility\Next->handle(Object(Laminas\Diactoros\ServerRequest))
#58 C:\xampp\htdocs\luis-com\vendor\laminas\laminas-stratigility\src\Next.php(61): Middlewares\BasePathRouter->process(Object(Laminas\Diactoros\ServerRequest), Object(Laminas\Stratigility\Next))
#59 C:\xampp\htdocs\luis-com\vendor\laminas\laminas-stratigility\src\Middleware\OriginalMessages.php(42): Laminas\Stratigility\Next->handle(Object(Laminas\Diactoros\ServerRequest))
#60 C:\xampp\htdocs\luis-com\vendor\laminas\laminas-stratigility\src\Next.php(61): Laminas\Stratigility\Middleware\OriginalMessages->process(Object(Laminas\Diactoros\ServerRequest), Object(Laminas\Stratigility\Next))
#61 C:\xampp\htdocs\luis-com\vendor\middlewares\base-path\src\BasePath.php(53): Laminas\Stratigility\Next->handle(Object(Laminas\Diactoros\ServerRequest))
#62 C:\xampp\htdocs\luis-com\vendor\laminas\laminas-stratigility\src\Next.php(61): Middlewares\BasePath->process(Object(Laminas\Diactoros\ServerRequest), Object(Laminas\Stratigility\Next))
#63 C:\xampp\htdocs\luis-com\vendor\laminas\laminas-stratigility\src\MiddlewarePipe.php(84): Laminas\Stratigility\Next->handle(Object(Laminas\Diactoros\ServerRequest))
#64 C:\xampp\htdocs\luis-com\vendor\laminas\laminas-stratigility\src\MiddlewarePipe.php(73): Laminas\Stratigility\MiddlewarePipe->process(Object(Laminas\Diactoros\ServerRequest), Object(Laminas\Stratigility\EmptyPipelineHandler))
#65 C:\xampp\htdocs\luis-com\vendor\laminas\laminas-httphandlerrunner\src\RequestHandlerRunner.php(96): Laminas\Stratigility\MiddlewarePipe->handle(Object(Laminas\Diactoros\ServerRequest))
#66 C:\xampp\htdocs\luis-com\vendor\flarum\core\src\Http\Server.php(42): Laminas\HttpHandlerRunner\RequestHandlerRunner->run()
#67 C:\xampp\htdocs\luis-com\public\index.php(26): Flarum\Http\Server->listen()
#68 {main}

Next Swift_TransportException: Connection to smtp.sendgrid.net:465 Timed Out in C:\xampp\htdocs\luis-com\vendor\swiftmailer\swiftmailer\lib\classes\Swift\Transport\AbstractSmtpTransport.php:473
Stack trace:
#0 C:\xampp\htdocs\luis-com\vendor\swiftmailer\swiftmailer\lib\classes\Swift\Transport\AbstractSmtpTransport.php(358): Swift_Transport_AbstractSmtpTransport->getFullResponse(0)
#1 C:\xampp\htdocs\luis-com\vendor\swiftmailer\swiftmailer\lib\classes\Swift\Transport\AbstractSmtpTransport.php(147): Swift_Transport_AbstractSmtpTransport->readGreeting()
#2 C:\xampp\htdocs\luis-com\vendor\swiftmailer\swiftmailer\lib\classes\Swift\Mailer.php(65): Swift_Transport_AbstractSmtpTransport->start()
#3 C:\xampp\htdocs\luis-com\vendor\illuminate\mail\Mailer.php(483): Swift_Mailer->send(Object(Swift_Message), Array)
#4 C:\xampp\htdocs\luis-com\vendor\illuminate\mail\Mailer.php(259): Illuminate\Mail\Mailer->sendSwiftMessage(Object(Swift_Message))
#5 C:\xampp\htdocs\luis-com\vendor\illuminate\mail\Mailer.php(183): Illuminate\Mail\Mailer->send(NULL, Array, Object(Closure))
#6 C:\xampp\htdocs\luis-com\vendor\flarum\core\src\Mail\Job\SendRawEmailJob.php(34): Illuminate\Mail\Mailer->raw('Hey llupRisingl...', Object(Closure))
#7 [internal function]: Flarum\Mail\Job\SendRawEmailJob->handle(Object(Illuminate\Mail\Mailer))
#8 C:\xampp\htdocs\luis-com\vendor\illuminate\container\BoundMethod.php(29): call_user_func_array(Array, Array)
#9 C:\xampp\htdocs\luis-com\vendor\illuminate\container\BoundMethod.php(87): Illuminate\Container\BoundMethod::Illuminate\Container\{closure}()
#10 C:\xampp\htdocs\luis-com\vendor\illuminate\container\BoundMethod.php(31): Illuminate\Container\BoundMethod::callBoundMethod(Object(Flarum\Foundation\Application), Array, Object(Closure))
#11 C:\xampp\htdocs\luis-com\vendor\illuminate\container\Container.php(572): Illuminate\Container\BoundMethod::call(Object(Flarum\Foundation\Application), Array, Array, NULL)
#12 C:\xampp\htdocs\luis-com\vendor\illuminate\bus\Dispatcher.php(94): Illuminate\Container\Container->call(Array)
#13 C:\xampp\htdocs\luis-com\vendor\illuminate\pipeline\Pipeline.php(128): Illuminate\Bus\Dispatcher->Illuminate\Bus\{closure}(Object(Flarum\Mail\Job\SendRawEmailJob))
#14 C:\xampp\htdocs\luis-com\vendor\illuminate\pipeline\Pipeline.php(104): Illuminate\Pipeline\Pipeline->Illuminate\Pipeline\{closure}(Object(Flarum\Mail\Job\SendRawEmailJob))
#15 C:\xampp\htdocs\luis-com\vendor\illuminate\bus\Dispatcher.php(98): Illuminate\Pipeline\Pipeline->then(Object(Closure))
#16 C:\xampp\htdocs\luis-com\vendor\illuminate\queue\CallQueuedHandler.php(49): Illuminate\Bus\Dispatcher->dispatchNow(Object(Flarum\Mail\Job\SendRawEmailJob), false)
#17 C:\xampp\htdocs\luis-com\vendor\illuminate\queue\Jobs\Job.php(83): Illuminate\Queue\CallQueuedHandler->call(Object(Illuminate\Queue\Jobs\SyncJob), Array)
#18 C:\xampp\htdocs\luis-com\vendor\illuminate\queue\SyncQueue.php(42): Illuminate\Queue\Jobs\Job->fire()
#19 C:\xampp\htdocs\luis-com\vendor\flarum\core\src\User\EmailConfirmationMailer.php(57): Illuminate\Queue\SyncQueue->push(Object(Flarum\Mail\Job\SendRawEmailJob))
#20 [internal function]: Flarum\User\EmailConfirmationMailer->handle(Object(Flarum\User\Event\EmailChangeRequested))
#21 C:\xampp\htdocs\luis-com\vendor\illuminate\events\Dispatcher.php(379): call_user_func_array(Array, Array)
#22 C:\xampp\htdocs\luis-com\vendor\illuminate\events\Dispatcher.php(209): Illuminate\Events\Dispatcher->Illuminate\Events\{closure}('Flarum\\User\\Eve...', Array)
#23 C:\xampp\htdocs\luis-com\vendor\flarum\core\src\Foundation\DispatchEventsTrait.php(33): Illuminate\Events\Dispatcher->dispatch('Flarum\\User\\Eve...')
#24 C:\xampp\htdocs\luis-com\vendor\flarum\core\src\User\Command\EditUserHandler.php(140): Flarum\User\Command\EditUserHandler->dispatchEventsFor(Object(Flarum\User\User), Object(Flarum\User\User))
#25 C:\xampp\htdocs\luis-com\vendor\illuminate\bus\Dispatcher.php(90): Flarum\User\Command\EditUserHandler->handle(Object(Flarum\User\Command\EditUser))
#26 C:\xampp\htdocs\luis-com\vendor\illuminate\pipeline\Pipeline.php(128): Illuminate\Bus\Dispatcher->Illuminate\Bus\{closure}(Object(Flarum\User\Command\EditUser))
#27 C:\xampp\htdocs\luis-com\vendor\illuminate\pipeline\Pipeline.php(104): Illuminate\Pipeline\Pipeline->Illuminate\Pipeline\{closure}(Object(Flarum\User\Command\EditUser))
#28 C:\xampp\htdocs\luis-com\vendor\illuminate\bus\Dispatcher.php(98): Illuminate\Pipeline\Pipeline->then(Object(Closure))
#29 C:\xampp\htdocs\luis-com\vendor\illuminate\bus\Dispatcher.php(76): Illuminate\Bus\Dispatcher->dispatchNow(Object(Flarum\User\Command\EditUser))
#30 C:\xampp\htdocs\luis-com\vendor\flarum\core\src\Api\Controller\UpdateUserController.php(70): Illuminate\Bus\Dispatcher->dispatch(Object(Flarum\User\Command\EditUser))
#31 C:\xampp\htdocs\luis-com\vendor\flarum\core\src\Api\Controller\AbstractSerializeController.php(96): Flarum\Api\Controller\UpdateUserController->data(Object(Laminas\Diactoros\ServerRequest), Object(Tobscure\JsonApi\Document))
#32 C:\xampp\htdocs\luis-com\vendor\flarum\core\src\Http\RouteHandlerFactory.php(38): Flarum\Api\Controller\AbstractSerializeController->handle(Object(Laminas\Diactoros\ServerRequest))
#33 C:\xampp\htdocs\luis-com\vendor\flarum\core\src\Http\Middleware\DispatchRoute.php(65): Flarum\Http\RouteHandlerFactory->Flarum\Http\{closure}(Object(Laminas\Diactoros\ServerRequest), Array)
#34 C:\xampp\htdocs\luis-com\vendor\laminas\laminas-stratigility\src\Next.php(61): Flarum\Http\Middleware\DispatchRoute->process(Object(Laminas\Diactoros\ServerRequest), Object(Closure))
#35 C:\xampp\htdocs\luis-com\vendor\flarum\core\src\Http\Middleware\SetLocale.php(50): Laminas\Stratigility\Next->handle(Object(Laminas\Diactoros\ServerRequest))
#36 C:\xampp\htdocs\luis-com\vendor\laminas\laminas-stratigility\src\Next.php(61): Flarum\Http\Middleware\SetLocale->process(Object(Laminas\Diactoros\ServerRequest), Object(Laminas\Stratigility\Next))
#37 C:\xampp\htdocs\luis-com\vendor\flarum\core\src\Http\Middleware\CheckCsrfToken.php(45): Laminas\Stratigility\Next->handle(Object(Laminas\Diactoros\ServerRequest))
#38 C:\xampp\htdocs\luis-com\vendor\laminas\laminas-stratigility\src\Next.php(61): Flarum\Http\Middleware\CheckCsrfToken->process(Object(Laminas\Diactoros\ServerRequest), Object(Laminas\Stratigility\Next))
#39 C:\xampp\htdocs\luis-com\vendor\flarum\core\src\Http\Middleware\AuthenticateWithHeader.php(55): Laminas\Stratigility\Next->handle(Object(Laminas\Diactoros\ServerRequest))
#40 C:\xampp\htdocs\luis-com\vendor\laminas\laminas-stratigility\src\Next.php(61): Flarum\Http\Middleware\AuthenticateWithHeader->process(Object(Laminas\Diactoros\ServerRequest), Object(Laminas\Stratigility\Next))
#41 C:\xampp\htdocs\luis-com\vendor\flarum\core\src\Http\Middleware\AuthenticateWithSession.php(32): Laminas\Stratigility\Next->handle(Object(Laminas\Diactoros\ServerRequest))
#42 C:\xampp\htdocs\luis-com\vendor\laminas\laminas-stratigility\src\Next.php(61): Flarum\Http\Middleware\AuthenticateWithSession->process(Object(Laminas\Diactoros\ServerRequest), Object(Laminas\Stratigility\Next))
#43 C:\xampp\htdocs\luis-com\vendor\flarum\core\src\Http\Middleware\RememberFromCookie.php(51): Laminas\Stratigility\Next->handle(Object(Laminas\Diactoros\ServerRequest))
#44 C:\xampp\htdocs\luis-com\vendor\laminas\laminas-stratigility\src\Next.php(61): Flarum\Http\Middleware\RememberFromCookie->process(Object(Laminas\Diactoros\ServerRequest), Object(Laminas\Stratigility\Next))
#45 C:\xampp\htdocs\luis-com\vendor\flarum\core\src\Http\Middleware\StartSession.php(61): Laminas\Stratigility\Next->handle(Object(Laminas\Diactoros\ServerRequest))
#46 C:\xampp\htdocs\luis-com\vendor\laminas\laminas-stratigility\src\Next.php(61): Flarum\Http\Middleware\StartSession->process(Object(Laminas\Diactoros\ServerRequest), Object(Laminas\Stratigility\Next))
#47 C:\xampp\htdocs\luis-com\vendor\flarum\core\src\Api\Middleware\FakeHttpMethods.php(29): Laminas\Stratigility\Next->handle(Object(Laminas\Diactoros\ServerRequest))
#48 C:\xampp\htdocs\luis-com\vendor\laminas\laminas-stratigility\src\Next.php(61): Flarum\Api\Middleware\FakeHttpMethods->process(Object(Laminas\Diactoros\ServerRequest), Object(Laminas\Stratigility\Next))
#49 C:\xampp\htdocs\luis-com\vendor\flarum\core\src\Http\Middleware\ParseJsonBody.php(28): Laminas\Stratigility\Next->handle(Object(Laminas\Diactoros\ServerRequest))
#50 C:\xampp\htdocs\luis-com\vendor\laminas\laminas-stratigility\src\Next.php(61): Flarum\Http\Middleware\ParseJsonBody->process(Object(Laminas\Diactoros\ServerRequest), Object(Laminas\Stratigility\Next))
#51 C:\xampp\htdocs\luis-com\vendor\flarum\core\src\Http\Middleware\HandleErrors.php(57): Laminas\Stratigility\Next->handle(Object(Laminas\Diactoros\ServerRequest))
#52 C:\xampp\htdocs\luis-com\vendor\laminas\laminas-stratigility\src\Next.php(61): Flarum\Http\Middleware\HandleErrors->process(Object(Laminas\Diactoros\ServerRequest), Object(Laminas\Stratigility\Next))
#53 C:\xampp\htdocs\luis-com\vendor\laminas\laminas-stratigility\src\MiddlewarePipe.php(84): Laminas\Stratigility\Next->handle(Object(Laminas\Diactoros\ServerRequest))
#54 C:\xampp\htdocs\luis-com\vendor\middlewares\request-handler\src\RequestHandler.php(84): Laminas\Stratigility\MiddlewarePipe->process(Object(Laminas\Diactoros\ServerRequest), Object(Laminas\Stratigility\Next))
#55 C:\xampp\htdocs\luis-com\vendor\laminas\laminas-stratigility\src\Next.php(61): Middlewares\RequestHandler->process(Object(Laminas\Diactoros\ServerRequest), Object(Laminas\Stratigility\Next))
#56 C:\xampp\htdocs\luis-com\vendor\middlewares\base-path-router\src\BasePathRouter.php(97): Laminas\Stratigility\Next->handle(Object(Laminas\Diactoros\ServerRequest))
#57 C:\xampp\htdocs\luis-com\vendor\laminas\laminas-stratigility\src\Next.php(61): Middlewares\BasePathRouter->process(Object(Laminas\Diactoros\ServerRequest), Object(Laminas\Stratigility\Next))
#58 C:\xampp\htdocs\luis-com\vendor\laminas\laminas-stratigility\src\Middleware\OriginalMessages.php(42): Laminas\Stratigility\Next->handle(Object(Laminas\Diactoros\ServerRequest))
#59 C:\xampp\htdocs\luis-com\vendor\laminas\laminas-stratigility\src\Next.php(61): Laminas\Stratigility\Middleware\OriginalMessages->process(Object(Laminas\Diactoros\ServerRequest), Object(Laminas\Stratigility\Next))
#60 C:\xampp\htdocs\luis-com\vendor\middlewares\base-path\src\BasePath.php(53): Laminas\Stratigility\Next->handle(Object(Laminas\Diactoros\ServerRequest))
#61 C:\xampp\htdocs\luis-com\vendor\laminas\laminas-stratigility\src\Next.php(61): Middlewares\BasePath->process(Object(Laminas\Diactoros\ServerRequest), Object(Laminas\Stratigility\Next))
#62 C:\xampp\htdocs\luis-com\vendor\laminas\laminas-stratigility\src\MiddlewarePipe.php(84): Laminas\Stratigility\Next->handle(Object(Laminas\Diactoros\ServerRequest))
#63 C:\xampp\htdocs\luis-com\vendor\laminas\laminas-stratigility\src\MiddlewarePipe.php(73): Laminas\Stratigility\MiddlewarePipe->process(Object(Laminas\Diactoros\ServerRequest), Object(Laminas\Stratigility\EmptyPipelineHandler))
#64 C:\xampp\htdocs\luis-com\vendor\laminas\laminas-httphandlerrunner\src\RequestHandlerRunner.php(96): Laminas\Stratigility\MiddlewarePipe->handle(Object(Laminas\Diactoros\ServerRequest))
#65 C:\xampp\htdocs\luis-com\vendor\flarum\core\src\Http\Server.php(42): Laminas\HttpHandlerRunner\RequestHandlerRunner->run()
#66 C:\xampp\htdocs\luis-com\public\index.php(26): Flarum\Http\Server->listen()
#67 {main}  
[2020-10-20 06:59:34] production.ERROR: Swift_IoException: Connection to smtp.sendgrid.net:465 Timed Out in C:\xampp\htdocs\luis-com\vendor\swiftmailer\swiftmailer\lib\classes\Swift\Transport\StreamBuffer.php:166
Stack trace:
#0 C:\xampp\htdocs\luis-com\vendor\swiftmailer\swiftmailer\lib\classes\Swift\Transport\AbstractSmtpTransport.php(467): Swift_Transport_StreamBuffer->readLine(0)
#1 C:\xampp\htdocs\luis-com\vendor\swiftmailer\swiftmailer\lib\classes\Swift\Transport\AbstractSmtpTransport.php(358): Swift_Transport_AbstractSmtpTransport->getFullResponse(0)
#2 C:\xampp\htdocs\luis-com\vendor\swiftmailer\swiftmailer\lib\classes\Swift\Transport\AbstractSmtpTransport.php(147): Swift_Transport_AbstractSmtpTransport->readGreeting()
#3 C:\xampp\htdocs\luis-com\vendor\swiftmailer\swiftmailer\lib\classes\Swift\Mailer.php(65): Swift_Transport_AbstractSmtpTransport->start()
#4 C:\xampp\htdocs\luis-com\vendor\illuminate\mail\Mailer.php(483): Swift_Mailer->send(Object(Swift_Message), Array)
#5 C:\xampp\htdocs\luis-com\vendor\illuminate\mail\Mailer.php(259): Illuminate\Mail\Mailer->sendSwiftMessage(Object(Swift_Message))
#6 C:\xampp\htdocs\luis-com\vendor\illuminate\mail\Mailer.php(183): Illuminate\Mail\Mailer->send(NULL, Array, Object(Closure))
#7 C:\xampp\htdocs\luis-com\vendor\flarum\core\src\Mail\Job\SendRawEmailJob.php(34): Illuminate\Mail\Mailer->raw('Hey llupRisingl...', Object(Closure))
#8 [internal function]: Flarum\Mail\Job\SendRawEmailJob->handle(Object(Illuminate\Mail\Mailer))
#9 C:\xampp\htdocs\luis-com\vendor\illuminate\container\BoundMethod.php(29): call_user_func_array(Array, Array)
#10 C:\xampp\htdocs\luis-com\vendor\illuminate\container\BoundMethod.php(87): Illuminate\Container\BoundMethod::Illuminate\Container\{closure}()
#11 C:\xampp\htdocs\luis-com\vendor\illuminate\container\BoundMethod.php(31): Illuminate\Container\BoundMethod::callBoundMethod(Object(Flarum\Foundation\Application), Array, Object(Closure))
#12 C:\xampp\htdocs\luis-com\vendor\illuminate\container\Container.php(572): Illuminate\Container\BoundMethod::call(Object(Flarum\Foundation\Application), Array, Array, NULL)
#13 C:\xampp\htdocs\luis-com\vendor\illuminate\bus\Dispatcher.php(94): Illuminate\Container\Container->call(Array)
#14 C:\xampp\htdocs\luis-com\vendor\illuminate\pipeline\Pipeline.php(128): Illuminate\Bus\Dispatcher->Illuminate\Bus\{closure}(Object(Flarum\Mail\Job\SendRawEmailJob))
#15 C:\xampp\htdocs\luis-com\vendor\illuminate\pipeline\Pipeline.php(104): Illuminate\Pipeline\Pipeline->Illuminate\Pipeline\{closure}(Object(Flarum\Mail\Job\SendRawEmailJob))
#16 C:\xampp\htdocs\luis-com\vendor\illuminate\bus\Dispatcher.php(98): Illuminate\Pipeline\Pipeline->then(Object(Closure))
#17 C:\xampp\htdocs\luis-com\vendor\illuminate\queue\CallQueuedHandler.php(49): Illuminate\Bus\Dispatcher->dispatchNow(Object(Flarum\Mail\Job\SendRawEmailJob), false)
#18 C:\xampp\htdocs\luis-com\vendor\illuminate\queue\Jobs\Job.php(83): Illuminate\Queue\CallQueuedHandler->call(Object(Illuminate\Queue\Jobs\SyncJob), Array)
#19 C:\xampp\htdocs\luis-com\vendor\illuminate\queue\SyncQueue.php(42): Illuminate\Queue\Jobs\Job->fire()
#20 C:\xampp\htdocs\luis-com\vendor\flarum\core\src\User\EmailConfirmationMailer.php(57): Illuminate\Queue\SyncQueue->push(Object(Flarum\Mail\Job\SendRawEmailJob))
#21 [internal function]: Flarum\User\EmailConfirmationMailer->handle(Object(Flarum\User\Event\EmailChangeRequested))
#22 C:\xampp\htdocs\luis-com\vendor\illuminate\events\Dispatcher.php(379): call_user_func_array(Array, Array)
#23 C:\xampp\htdocs\luis-com\vendor\illuminate\events\Dispatcher.php(209): Illuminate\Events\Dispatcher->Illuminate\Events\{closure}('Flarum\\User\\Eve...', Array)
#24 C:\xampp\htdocs\luis-com\vendor\flarum\core\src\Foundation\DispatchEventsTrait.php(33): Illuminate\Events\Dispatcher->dispatch('Flarum\\User\\Eve...')
#25 C:\xampp\htdocs\luis-com\vendor\flarum\core\src\User\Command\EditUserHandler.php(140): Flarum\User\Command\EditUserHandler->dispatchEventsFor(Object(Flarum\User\User), Object(Flarum\User\User))
#26 C:\xampp\htdocs\luis-com\vendor\illuminate\bus\Dispatcher.php(90): Flarum\User\Command\EditUserHandler->handle(Object(Flarum\User\Command\EditUser))
#27 C:\xampp\htdocs\luis-com\vendor\illuminate\pipeline\Pipeline.php(128): Illuminate\Bus\Dispatcher->Illuminate\Bus\{closure}(Object(Flarum\User\Command\EditUser))
#28 C:\xampp\htdocs\luis-com\vendor\illuminate\pipeline\Pipeline.php(104): Illuminate\Pipeline\Pipeline->Illuminate\Pipeline\{closure}(Object(Flarum\User\Command\EditUser))
#29 C:\xampp\htdocs\luis-com\vendor\illuminate\bus\Dispatcher.php(98): Illuminate\Pipeline\Pipeline->then(Object(Closure))
#30 C:\xampp\htdocs\luis-com\vendor\illuminate\bus\Dispatcher.php(76): Illuminate\Bus\Dispatcher->dispatchNow(Object(Flarum\User\Command\EditUser))
#31 C:\xampp\htdocs\luis-com\vendor\flarum\core\src\Api\Controller\UpdateUserController.php(70): Illuminate\Bus\Dispatcher->dispatch(Object(Flarum\User\Command\EditUser))
#32 C:\xampp\htdocs\luis-com\vendor\flarum\core\src\Api\Controller\AbstractSerializeController.php(96): Flarum\Api\Controller\UpdateUserController->data(Object(Laminas\Diactoros\ServerRequest), Object(Tobscure\JsonApi\Document))
#33 C:\xampp\htdocs\luis-com\vendor\flarum\core\src\Http\RouteHandlerFactory.php(38): Flarum\Api\Controller\AbstractSerializeController->handle(Object(Laminas\Diactoros\ServerRequest))
#34 C:\xampp\htdocs\luis-com\vendor\flarum\core\src\Http\Middleware\DispatchRoute.php(65): Flarum\Http\RouteHandlerFactory->Flarum\Http\{closure}(Object(Laminas\Diactoros\ServerRequest), Array)
#35 C:\xampp\htdocs\luis-com\vendor\laminas\laminas-stratigility\src\Next.php(61): Flarum\Http\Middleware\DispatchRoute->process(Object(Laminas\Diactoros\ServerRequest), Object(Closure))
#36 C:\xampp\htdocs\luis-com\vendor\flarum\core\src\Http\Middleware\SetLocale.php(50): Laminas\Stratigility\Next->handle(Object(Laminas\Diactoros\ServerRequest))
#37 C:\xampp\htdocs\luis-com\vendor\laminas\laminas-stratigility\src\Next.php(61): Flarum\Http\Middleware\SetLocale->process(Object(Laminas\Diactoros\ServerRequest), Object(Laminas\Stratigility\Next))
#38 C:\xampp\htdocs\luis-com\vendor\flarum\core\src\Http\Middleware\CheckCsrfToken.php(45): Laminas\Stratigility\Next->handle(Object(Laminas\Diactoros\ServerRequest))
#39 C:\xampp\htdocs\luis-com\vendor\laminas\laminas-stratigility\src\Next.php(61): Flarum\Http\Middleware\CheckCsrfToken->process(Object(Laminas\Diactoros\ServerRequest), Object(Laminas\Stratigility\Next))
#40 C:\xampp\htdocs\luis-com\vendor\flarum\core\src\Http\Middleware\AuthenticateWithHeader.php(55): Laminas\Stratigility\Next->handle(Object(Laminas\Diactoros\ServerRequest))
#41 C:\xampp\htdocs\luis-com\vendor\laminas\laminas-stratigility\src\Next.php(61): Flarum\Http\Middleware\AuthenticateWithHeader->process(Object(Laminas\Diactoros\ServerRequest), Object(Laminas\Stratigility\Next))
#42 C:\xampp\htdocs\luis-com\vendor\flarum\core\src\Http\Middleware\AuthenticateWithSession.php(32): Laminas\Stratigility\Next->handle(Object(Laminas\Diactoros\ServerRequest))
#43 C:\xampp\htdocs\luis-com\vendor\laminas\laminas-stratigility\src\Next.php(61): Flarum\Http\Middleware\AuthenticateWithSession->process(Object(Laminas\Diactoros\ServerRequest), Object(Laminas\Stratigility\Next))
#44 C:\xampp\htdocs\luis-com\vendor\flarum\core\src\Http\Middleware\RememberFromCookie.php(51): Laminas\Stratigility\Next->handle(Object(Laminas\Diactoros\ServerRequest))
#45 C:\xampp\htdocs\luis-com\vendor\laminas\laminas-stratigility\src\Next.php(61): Flarum\Http\Middleware\RememberFromCookie->process(Object(Laminas\Diactoros\ServerRequest), Object(Laminas\Stratigility\Next))
#46 C:\xampp\htdocs\luis-com\vendor\flarum\core\src\Http\Middleware\StartSession.php(61): Laminas\Stratigility\Next->handle(Object(Laminas\Diactoros\ServerRequest))
#47 C:\xampp\htdocs\luis-com\vendor\laminas\laminas-stratigility\src\Next.php(61): Flarum\Http\Middleware\StartSession->process(Object(Laminas\Diactoros\ServerRequest), Object(Laminas\Stratigility\Next))
#48 C:\xampp\htdocs\luis-com\vendor\flarum\core\src\Api\Middleware\FakeHttpMethods.php(29): Laminas\Stratigility\Next->handle(Object(Laminas\Diactoros\ServerRequest))
#49 C:\xampp\htdocs\luis-com\vendor\laminas\laminas-stratigility\src\Next.php(61): Flarum\Api\Middleware\FakeHttpMethods->process(Object(Laminas\Diactoros\ServerRequest), Object(Laminas\Stratigility\Next))
#50 C:\xampp\htdocs\luis-com\vendor\flarum\core\src\Http\Middleware\ParseJsonBody.php(28): Laminas\Stratigility\Next->handle(Object(Laminas\Diactoros\ServerRequest))
#51 C:\xampp\htdocs\luis-com\vendor\laminas\laminas-stratigility\src\Next.php(61): Flarum\Http\Middleware\ParseJsonBody->process(Object(Laminas\Diactoros\ServerRequest), Object(Laminas\Stratigility\Next))
#52 C:\xampp\htdocs\luis-com\vendor\flarum\core\src\Http\Middleware\HandleErrors.php(57): Laminas\Stratigility\Next->handle(Object(Laminas\Diactoros\ServerRequest))
#53 C:\xampp\htdocs\luis-com\vendor\laminas\laminas-stratigility\src\Next.php(61): Flarum\Http\Middleware\HandleErrors->process(Object(Laminas\Diactoros\ServerRequest), Object(Laminas\Stratigility\Next))
#54 C:\xampp\htdocs\luis-com\vendor\laminas\laminas-stratigility\src\MiddlewarePipe.php(84): Laminas\Stratigility\Next->handle(Object(Laminas\Diactoros\ServerRequest))
#55 C:\xampp\htdocs\luis-com\vendor\middlewares\request-handler\src\RequestHandler.php(84): Laminas\Stratigility\MiddlewarePipe->process(Object(Laminas\Diactoros\ServerRequest), Object(Laminas\Stratigility\Next))
#56 C:\xampp\htdocs\luis-com\vendor\laminas\laminas-stratigility\src\Next.php(61): Middlewares\RequestHandler->process(Object(Laminas\Diactoros\ServerRequest), Object(Laminas\Stratigility\Next))
#57 C:\xampp\htdocs\luis-com\vendor\middlewares\base-path-router\src\BasePathRouter.php(97): Laminas\Stratigility\Next->handle(Object(Laminas\Diactoros\ServerRequest))
#58 C:\xampp\htdocs\luis-com\vendor\laminas\laminas-stratigility\src\Next.php(61): Middlewares\BasePathRouter->process(Object(Laminas\Diactoros\ServerRequest), Object(Laminas\Stratigility\Next))
#59 C:\xampp\htdocs\luis-com\vendor\laminas\laminas-stratigility\src\Middleware\OriginalMessages.php(42): Laminas\Stratigility\Next->handle(Object(Laminas\Diactoros\ServerRequest))
#60 C:\xampp\htdocs\luis-com\vendor\laminas\laminas-stratigility\src\Next.php(61): Laminas\Stratigility\Middleware\OriginalMessages->process(Object(Laminas\Diactoros\ServerRequest), Object(Laminas\Stratigility\Next))
#61 C:\xampp\htdocs\luis-com\vendor\middlewares\base-path\src\BasePath.php(53): Laminas\Stratigility\Next->handle(Object(Laminas\Diactoros\ServerRequest))
#62 C:\xampp\htdocs\luis-com\vendor\laminas\laminas-stratigility\src\Next.php(61): Middlewares\BasePath->process(Object(Laminas\Diactoros\ServerRequest), Object(Laminas\Stratigility\Next))
#63 C:\xampp\htdocs\luis-com\vendor\laminas\laminas-stratigility\src\MiddlewarePipe.php(84): Laminas\Stratigility\Next->handle(Object(Laminas\Diactoros\ServerRequest))
#64 C:\xampp\htdocs\luis-com\vendor\laminas\laminas-stratigility\src\MiddlewarePipe.php(73): Laminas\Stratigility\MiddlewarePipe->process(Object(Laminas\Diactoros\ServerRequest), Object(Laminas\Stratigility\EmptyPipelineHandler))
#65 C:\xampp\htdocs\luis-com\vendor\laminas\laminas-httphandlerrunner\src\RequestHandlerRunner.php(96): Laminas\Stratigility\MiddlewarePipe->handle(Object(Laminas\Diactoros\ServerRequest))
#66 C:\xampp\htdocs\luis-com\vendor\flarum\core\src\Http\Server.php(42): Laminas\HttpHandlerRunner\RequestHandlerRunner->run()
#67 C:\xampp\htdocs\luis-com\public\index.php(26): Flarum\Http\Server->listen()
#68 {main}

Next Swift_TransportException: Connection to smtp.sendgrid.net:465 Timed Out in C:\xampp\htdocs\luis-com\vendor\swiftmailer\swiftmailer\lib\classes\Swift\Transport\AbstractSmtpTransport.php:473
Stack trace:
#0 C:\xampp\htdocs\luis-com\vendor\swiftmailer\swiftmailer\lib\classes\Swift\Transport\AbstractSmtpTransport.php(358): Swift_Transport_AbstractSmtpTransport->getFullResponse(0)
#1 C:\xampp\htdocs\luis-com\vendor\swiftmailer\swiftmailer\lib\classes\Swift\Transport\AbstractSmtpTransport.php(147): Swift_Transport_AbstractSmtpTransport->readGreeting()
#2 C:\xampp\htdocs\luis-com\vendor\swiftmailer\swiftmailer\lib\classes\Swift\Mailer.php(65): Swift_Transport_AbstractSmtpTransport->start()
#3 C:\xampp\htdocs\luis-com\vendor\illuminate\mail\Mailer.php(483): Swift_Mailer->send(Object(Swift_Message), Array)
#4 C:\xampp\htdocs\luis-com\vendor\illuminate\mail\Mailer.php(259): Illuminate\Mail\Mailer->sendSwiftMessage(Object(Swift_Message))
#5 C:\xampp\htdocs\luis-com\vendor\illuminate\mail\Mailer.php(183): Illuminate\Mail\Mailer->send(NULL, Array, Object(Closure))
#6 C:\xampp\htdocs\luis-com\vendor\flarum\core\src\Mail\Job\SendRawEmailJob.php(34): Illuminate\Mail\Mailer->raw('Hey llupRisingl...', Object(Closure))
#7 [internal function]: Flarum\Mail\Job\SendRawEmailJob->handle(Object(Illuminate\Mail\Mailer))
#8 C:\xampp\htdocs\luis-com\vendor\illuminate\container\BoundMethod.php(29): call_user_func_array(Array, Array)
#9 C:\xampp\htdocs\luis-com\vendor\illuminate\container\BoundMethod.php(87): Illuminate\Container\BoundMethod::Illuminate\Container\{closure}()
#10 C:\xampp\htdocs\luis-com\vendor\illuminate\container\BoundMethod.php(31): Illuminate\Container\BoundMethod::callBoundMethod(Object(Flarum\Foundation\Application), Array, Object(Closure))
#11 C:\xampp\htdocs\luis-com\vendor\illuminate\container\Container.php(572): Illuminate\Container\BoundMethod::call(Object(Flarum\Foundation\Application), Array, Array, NULL)
#12 C:\xampp\htdocs\luis-com\vendor\illuminate\bus\Dispatcher.php(94): Illuminate\Container\Container->call(Array)
#13 C:\xampp\htdocs\luis-com\vendor\illuminate\pipeline\Pipeline.php(128): Illuminate\Bus\Dispatcher->Illuminate\Bus\{closure}(Object(Flarum\Mail\Job\SendRawEmailJob))
#14 C:\xampp\htdocs\luis-com\vendor\illuminate\pipeline\Pipeline.php(104): Illuminate\Pipeline\Pipeline->Illuminate\Pipeline\{closure}(Object(Flarum\Mail\Job\SendRawEmailJob))
#15 C:\xampp\htdocs\luis-com\vendor\illuminate\bus\Dispatcher.php(98): Illuminate\Pipeline\Pipeline->then(Object(Closure))
#16 C:\xampp\htdocs\luis-com\vendor\illuminate\queue\CallQueuedHandler.php(49): Illuminate\Bus\Dispatcher->dispatchNow(Object(Flarum\Mail\Job\SendRawEmailJob), false)
#17 C:\xampp\htdocs\luis-com\vendor\illuminate\queue\Jobs\Job.php(83): Illuminate\Queue\CallQueuedHandler->call(Object(Illuminate\Queue\Jobs\SyncJob), Array)
#18 C:\xampp\htdocs\luis-com\vendor\illuminate\queue\SyncQueue.php(42): Illuminate\Queue\Jobs\Job->fire()
#19 C:\xampp\htdocs\luis-com\vendor\flarum\core\src\User\EmailConfirmationMailer.php(57): Illuminate\Queue\SyncQueue->push(Object(Flarum\Mail\Job\SendRawEmailJob))
#20 [internal function]: Flarum\User\EmailConfirmationMailer->handle(Object(Flarum\User\Event\EmailChangeRequested))
#21 C:\xampp\htdocs\luis-com\vendor\illuminate\events\Dispatcher.php(379): call_user_func_array(Array, Array)
#22 C:\xampp\htdocs\luis-com\vendor\illuminate\events\Dispatcher.php(209): Illuminate\Events\Dispatcher->Illuminate\Events\{closure}('Flarum\\User\\Eve...', Array)
#23 C:\xampp\htdocs\luis-com\vendor\flarum\core\src\Foundation\DispatchEventsTrait.php(33): Illuminate\Events\Dispatcher->dispatch('Flarum\\User\\Eve...')
#24 C:\xampp\htdocs\luis-com\vendor\flarum\core\src\User\Command\EditUserHandler.php(140): Flarum\User\Command\EditUserHandler->dispatchEventsFor(Object(Flarum\User\User), Object(Flarum\User\User))
#25 C:\xampp\htdocs\luis-com\vendor\illuminate\bus\Dispatcher.php(90): Flarum\User\Command\EditUserHandler->handle(Object(Flarum\User\Command\EditUser))
#26 C:\xampp\htdocs\luis-com\vendor\illuminate\pipeline\Pipeline.php(128): Illuminate\Bus\Dispatcher->Illuminate\Bus\{closure}(Object(Flarum\User\Command\EditUser))
#27 C:\xampp\htdocs\luis-com\vendor\illuminate\pipeline\Pipeline.php(104): Illuminate\Pipeline\Pipeline->Illuminate\Pipeline\{closure}(Object(Flarum\User\Command\EditUser))
#28 C:\xampp\htdocs\luis-com\vendor\illuminate\bus\Dispatcher.php(98): Illuminate\Pipeline\Pipeline->then(Object(Closure))
#29 C:\xampp\htdocs\luis-com\vendor\illuminate\bus\Dispatcher.php(76): Illuminate\Bus\Dispatcher->dispatchNow(Object(Flarum\User\Command\EditUser))
#30 C:\xampp\htdocs\luis-com\vendor\flarum\core\src\Api\Controller\UpdateUserController.php(70): Illuminate\Bus\Dispatcher->dispatch(Object(Flarum\User\Command\EditUser))
#31 C:\xampp\htdocs\luis-com\vendor\flarum\core\src\Api\Controller\AbstractSerializeController.php(96): Flarum\Api\Controller\UpdateUserController->data(Object(Laminas\Diactoros\ServerRequest), Object(Tobscure\JsonApi\Document))
#32 C:\xampp\htdocs\luis-com\vendor\flarum\core\src\Http\RouteHandlerFactory.php(38): Flarum\Api\Controller\AbstractSerializeController->handle(Object(Laminas\Diactoros\ServerRequest))
#33 C:\xampp\htdocs\luis-com\vendor\flarum\core\src\Http\Middleware\DispatchRoute.php(65): Flarum\Http\RouteHandlerFactory->Flarum\Http\{closure}(Object(Laminas\Diactoros\ServerRequest), Array)
#34 C:\xampp\htdocs\luis-com\vendor\laminas\laminas-stratigility\src\Next.php(61): Flarum\Http\Middleware\DispatchRoute->process(Object(Laminas\Diactoros\ServerRequest), Object(Closure))
#35 C:\xampp\htdocs\luis-com\vendor\flarum\core\src\Http\Middleware\SetLocale.php(50): Laminas\Stratigility\Next->handle(Object(Laminas\Diactoros\ServerRequest))
#36 C:\xampp\htdocs\luis-com\vendor\laminas\laminas-stratigility\src\Next.php(61): Flarum\Http\Middleware\SetLocale->process(Object(Laminas\Diactoros\ServerRequest), Object(Laminas\Stratigility\Next))
#37 C:\xampp\htdocs\luis-com\vendor\flarum\core\src\Http\Middleware\CheckCsrfToken.php(45): Laminas\Stratigility\Next->handle(Object(Laminas\Diactoros\ServerRequest))
#38 C:\xampp\htdocs\luis-com\vendor\laminas\laminas-stratigility\src\Next.php(61): Flarum\Http\Middleware\CheckCsrfToken->process(Object(Laminas\Diactoros\ServerRequest), Object(Laminas\Stratigility\Next))
#39 C:\xampp\htdocs\luis-com\vendor\flarum\core\src\Http\Middleware\AuthenticateWithHeader.php(55): Laminas\Stratigility\Next->handle(Object(Laminas\Diactoros\ServerRequest))
#40 C:\xampp\htdocs\luis-com\vendor\laminas\laminas-stratigility\src\Next.php(61): Flarum\Http\Middleware\AuthenticateWithHeader->process(Object(Laminas\Diactoros\ServerRequest), Object(Laminas\Stratigility\Next))
#41 C:\xampp\htdocs\luis-com\vendor\flarum\core\src\Http\Middleware\AuthenticateWithSession.php(32): Laminas\Stratigility\Next->handle(Object(Laminas\Diactoros\ServerRequest))
#42 C:\xampp\htdocs\luis-com\vendor\laminas\laminas-stratigility\src\Next.php(61): Flarum\Http\Middleware\AuthenticateWithSession->process(Object(Laminas\Diactoros\ServerRequest), Object(Laminas\Stratigility\Next))
#43 C:\xampp\htdocs\luis-com\vendor\flarum\core\src\Http\Middleware\RememberFromCookie.php(51): Laminas\Stratigility\Next->handle(Object(Laminas\Diactoros\ServerRequest))
#44 C:\xampp\htdocs\luis-com\vendor\laminas\laminas-stratigility\src\Next.php(61): Flarum\Http\Middleware\RememberFromCookie->process(Object(Laminas\Diactoros\ServerRequest), Object(Laminas\Stratigility\Next))
#45 C:\xampp\htdocs\luis-com\vendor\flarum\core\src\Http\Middleware\StartSession.php(61): Laminas\Stratigility\Next->handle(Object(Laminas\Diactoros\ServerRequest))
#46 C:\xampp\htdocs\luis-com\vendor\laminas\laminas-stratigility\src\Next.php(61): Flarum\Http\Middleware\StartSession->process(Object(Laminas\Diactoros\ServerRequest), Object(Laminas\Stratigility\Next))
#47 C:\xampp\htdocs\luis-com\vendor\flarum\core\src\Api\Middleware\FakeHttpMethods.php(29): Laminas\Stratigility\Next->handle(Object(Laminas\Diactoros\ServerRequest))
#48 C:\xampp\htdocs\luis-com\vendor\laminas\laminas-stratigility\src\Next.php(61): Flarum\Api\Middleware\FakeHttpMethods->process(Object(Laminas\Diactoros\ServerRequest), Object(Laminas\Stratigility\Next))
#49 C:\xampp\htdocs\luis-com\vendor\flarum\core\src\Http\Middleware\ParseJsonBody.php(28): Laminas\Stratigility\Next->handle(Object(Laminas\Diactoros\ServerRequest))
#50 C:\xampp\htdocs\luis-com\vendor\laminas\laminas-stratigility\src\Next.php(61): Flarum\Http\Middleware\ParseJsonBody->process(Object(Laminas\Diactoros\ServerRequest), Object(Laminas\Stratigility\Next))
#51 C:\xampp\htdocs\luis-com\vendor\flarum\core\src\Http\Middleware\HandleErrors.php(57): Laminas\Stratigility\Next->handle(Object(Laminas\Diactoros\ServerRequest))
#52 C:\xampp\htdocs\luis-com\vendor\laminas\laminas-stratigility\src\Next.php(61): Flarum\Http\Middleware\HandleErrors->process(Object(Laminas\Diactoros\ServerRequest), Object(Laminas\Stratigility\Next))
#53 C:\xampp\htdocs\luis-com\vendor\laminas\laminas-stratigility\src\MiddlewarePipe.php(84): Laminas\Stratigility\Next->handle(Object(Laminas\Diactoros\ServerRequest))
#54 C:\xampp\htdocs\luis-com\vendor\middlewares\request-handler\src\RequestHandler.php(84): Laminas\Stratigility\MiddlewarePipe->process(Object(Laminas\Diactoros\ServerRequest), Object(Laminas\Stratigility\Next))
#55 C:\xampp\htdocs\luis-com\vendor\laminas\laminas-stratigility\src\Next.php(61): Middlewares\RequestHandler->process(Object(Laminas\Diactoros\ServerRequest), Object(Laminas\Stratigility\Next))
#56 C:\xampp\htdocs\luis-com\vendor\middlewares\base-path-router\src\BasePathRouter.php(97): Laminas\Stratigility\Next->handle(Object(Laminas\Diactoros\ServerRequest))
#57 C:\xampp\htdocs\luis-com\vendor\laminas\laminas-stratigility\src\Next.php(61): Middlewares\BasePathRouter->process(Object(Laminas\Diactoros\ServerRequest), Object(Laminas\Stratigility\Next))
#58 C:\xampp\htdocs\luis-com\vendor\laminas\laminas-stratigility\src\Middleware\OriginalMessages.php(42): Laminas\Stratigility\Next->handle(Object(Laminas\Diactoros\ServerRequest))
#59 C:\xampp\htdocs\luis-com\vendor\laminas\laminas-stratigility\src\Next.php(61): Laminas\Stratigility\Middleware\OriginalMessages->process(Object(Laminas\Diactoros\ServerRequest), Object(Laminas\Stratigility\Next))
#60 C:\xampp\htdocs\luis-com\vendor\middlewares\base-path\src\BasePath.php(53): Laminas\Stratigility\Next->handle(Object(Laminas\Diactoros\ServerRequest))
#61 C:\xampp\htdocs\luis-com\vendor\laminas\laminas-stratigility\src\Next.php(61): Middlewares\BasePath->process(Object(Laminas\Diactoros\ServerRequest), Object(Laminas\Stratigility\Next))
#62 C:\xampp\htdocs\luis-com\vendor\laminas\laminas-stratigility\src\MiddlewarePipe.php(84): Laminas\Stratigility\Next->handle(Object(Laminas\Diactoros\ServerRequest))
#63 C:\xampp\htdocs\luis-com\vendor\laminas\laminas-stratigility\src\MiddlewarePipe.php(73): Laminas\Stratigility\MiddlewarePipe->process(Object(Laminas\Diactoros\ServerRequest), Object(Laminas\Stratigility\EmptyPipelineHandler))
#64 C:\xampp\htdocs\luis-com\vendor\laminas\laminas-httphandlerrunner\src\RequestHandlerRunner.php(96): Laminas\Stratigility\MiddlewarePipe->handle(Object(Laminas\Diactoros\ServerRequest))
#65 C:\xampp\htdocs\luis-com\vendor\flarum\core\src\Http\Server.php(42): Laminas\HttpHandlerRunner\RequestHandlerRunner->run()
#66 C:\xampp\htdocs\luis-com\public\index.php(26): Flarum\Http\Server->listen()
#67 {main}  
[2020-10-20 06:59:34] production.ERROR: Swift_IoException: Connection to smtp.sendgrid.net:465 Timed Out in C:\xampp\htdocs\luis-com\vendor\swiftmailer\swiftmailer\lib\classes\Swift\Transport\StreamBuffer.php:166
Stack trace:
#0 C:\xampp\htdocs\luis-com\vendor\swiftmailer\swiftmailer\lib\classes\Swift\Transport\AbstractSmtpTransport.php(467): Swift_Transport_StreamBuffer->readLine(0)
#1 C:\xampp\htdocs\luis-com\vendor\swiftmailer\swiftmailer\lib\classes\Swift\Transport\AbstractSmtpTransport.php(358): Swift_Transport_AbstractSmtpTransport->getFullResponse(0)
#2 C:\xampp\htdocs\luis-com\vendor\swiftmailer\swiftmailer\lib\classes\Swift\Transport\AbstractSmtpTransport.php(147): Swift_Transport_AbstractSmtpTransport->readGreeting()
#3 C:\xampp\htdocs\luis-com\vendor\swiftmailer\swiftmailer\lib\classes\Swift\Mailer.php(65): Swift_Transport_AbstractSmtpTransport->start()
#4 C:\xampp\htdocs\luis-com\vendor\illuminate\mail\Mailer.php(483): Swift_Mailer->send(Object(Swift_Message), Array)
#5 C:\xampp\htdocs\luis-com\vendor\illuminate\mail\Mailer.php(259): Illuminate\Mail\Mailer->sendSwiftMessage(Object(Swift_Message))
#6 C:\xampp\htdocs\luis-com\vendor\illuminate\mail\Mailer.php(183): Illuminate\Mail\Mailer->send(NULL, Array, Object(Closure))
#7 C:\xampp\htdocs\luis-com\vendor\flarum\core\src\Mail\Job\SendRawEmailJob.php(34): Illuminate\Mail\Mailer->raw('Hey llupRisingl...', Object(Closure))
#8 [internal function]: Flarum\Mail\Job\SendRawEmailJob->handle(Object(Illuminate\Mail\Mailer))
#9 C:\xampp\htdocs\luis-com\vendor\illuminate\container\BoundMethod.php(29): call_user_func_array(Array, Array)
#10 C:\xampp\htdocs\luis-com\vendor\illuminate\container\BoundMethod.php(87): Illuminate\Container\BoundMethod::Illuminate\Container\{closure}()
#11 C:\xampp\htdocs\luis-com\vendor\illuminate\container\BoundMethod.php(31): Illuminate\Container\BoundMethod::callBoundMethod(Object(Flarum\Foundation\Application), Array, Object(Closure))
#12 C:\xampp\htdocs\luis-com\vendor\illuminate\container\Container.php(572): Illuminate\Container\BoundMethod::call(Object(Flarum\Foundation\Application), Array, Array, NULL)
#13 C:\xampp\htdocs\luis-com\vendor\illuminate\bus\Dispatcher.php(94): Illuminate\Container\Container->call(Array)
#14 C:\xampp\htdocs\luis-com\vendor\illuminate\pipeline\Pipeline.php(128): Illuminate\Bus\Dispatcher->Illuminate\Bus\{closure}(Object(Flarum\Mail\Job\SendRawEmailJob))
#15 C:\xampp\htdocs\luis-com\vendor\illuminate\pipeline\Pipeline.php(104): Illuminate\Pipeline\Pipeline->Illuminate\Pipeline\{closure}(Object(Flarum\Mail\Job\SendRawEmailJob))
#16 C:\xampp\htdocs\luis-com\vendor\illuminate\bus\Dispatcher.php(98): Illuminate\Pipeline\Pipeline->then(Object(Closure))
#17 C:\xampp\htdocs\luis-com\vendor\illuminate\queue\CallQueuedHandler.php(49): Illuminate\Bus\Dispatcher->dispatchNow(Object(Flarum\Mail\Job\SendRawEmailJob), false)
#18 C:\xampp\htdocs\luis-com\vendor\illuminate\queue\Jobs\Job.php(83): Illuminate\Queue\CallQueuedHandler->call(Object(Illuminate\Queue\Jobs\SyncJob), Array)
#19 C:\xampp\htdocs\luis-com\vendor\illuminate\queue\SyncQueue.php(42): Illuminate\Queue\Jobs\Job->fire()
#20 C:\xampp\htdocs\luis-com\vendor\flarum\core\src\User\EmailConfirmationMailer.php(57): Illuminate\Queue\SyncQueue->push(Object(Flarum\Mail\Job\SendRawEmailJob))
#21 [internal function]: Flarum\User\EmailConfirmationMailer->handle(Object(Flarum\User\Event\EmailChangeRequested))
#22 C:\xampp\htdocs\luis-com\vendor\illuminate\events\Dispatcher.php(379): call_user_func_array(Array, Array)
#23 C:\xampp\htdocs\luis-com\vendor\illuminate\events\Dispatcher.php(209): Illuminate\Events\Dispatcher->Illuminate\Events\{closure}('Flarum\\User\\Eve...', Array)
#24 C:\xampp\htdocs\luis-com\vendor\flarum\core\src\Foundation\DispatchEventsTrait.php(33): Illuminate\Events\Dispatcher->dispatch('Flarum\\User\\Eve...')
#25 C:\xampp\htdocs\luis-com\vendor\flarum\core\src\User\Command\EditUserHandler.php(140): Flarum\User\Command\EditUserHandler->dispatchEventsFor(Object(Flarum\User\User), Object(Flarum\User\User))
#26 C:\xampp\htdocs\luis-com\vendor\illuminate\bus\Dispatcher.php(90): Flarum\User\Command\EditUserHandler->handle(Object(Flarum\User\Command\EditUser))
#27 C:\xampp\htdocs\luis-com\vendor\illuminate\pipeline\Pipeline.php(128): Illuminate\Bus\Dispatcher->Illuminate\Bus\{closure}(Object(Flarum\User\Command\EditUser))
#28 C:\xampp\htdocs\luis-com\vendor\illuminate\pipeline\Pipeline.php(104): Illuminate\Pipeline\Pipeline->Illuminate\Pipeline\{closure}(Object(Flarum\User\Command\EditUser))
#29 C:\xampp\htdocs\luis-com\vendor\illuminate\bus\Dispatcher.php(98): Illuminate\Pipeline\Pipeline->then(Object(Closure))
#30 C:\xampp\htdocs\luis-com\vendor\illuminate\bus\Dispatcher.php(76): Illuminate\Bus\Dispatcher->dispatchNow(Object(Flarum\User\Command\EditUser))
#31 C:\xampp\htdocs\luis-com\vendor\flarum\core\src\Api\Controller\UpdateUserController.php(70): Illuminate\Bus\Dispatcher->dispatch(Object(Flarum\User\Command\EditUser))
#32 C:\xampp\htdocs\luis-com\vendor\flarum\core\src\Api\Controller\AbstractSerializeController.php(96): Flarum\Api\Controller\UpdateUserController->data(Object(Laminas\Diactoros\ServerRequest), Object(Tobscure\JsonApi\Document))
#33 C:\xampp\htdocs\luis-com\vendor\flarum\core\src\Http\RouteHandlerFactory.php(38): Flarum\Api\Controller\AbstractSerializeController->handle(Object(Laminas\Diactoros\ServerRequest))
#34 C:\xampp\htdocs\luis-com\vendor\flarum\core\src\Http\Middleware\DispatchRoute.php(65): Flarum\Http\RouteHandlerFactory->Flarum\Http\{closure}(Object(Laminas\Diactoros\ServerRequest), Array)
#35 C:\xampp\htdocs\luis-com\vendor\laminas\laminas-stratigility\src\Next.php(61): Flarum\Http\Middleware\DispatchRoute->process(Object(Laminas\Diactoros\ServerRequest), Object(Closure))
#36 C:\xampp\htdocs\luis-com\vendor\flarum\core\src\Http\Middleware\SetLocale.php(50): Laminas\Stratigility\Next->handle(Object(Laminas\Diactoros\ServerRequest))
#37 C:\xampp\htdocs\luis-com\vendor\laminas\laminas-stratigility\src\Next.php(61): Flarum\Http\Middleware\SetLocale->process(Object(Laminas\Diactoros\ServerRequest), Object(Laminas\Stratigility\Next))
#38 C:\xampp\htdocs\luis-com\vendor\flarum\core\src\Http\Middleware\CheckCsrfToken.php(45): Laminas\Stratigility\Next->handle(Object(Laminas\Diactoros\ServerRequest))
#39 C:\xampp\htdocs\luis-com\vendor\laminas\laminas-stratigility\src\Next.php(61): Flarum\Http\Middleware\CheckCsrfToken->process(Object(Laminas\Diactoros\ServerRequest), Object(Laminas\Stratigility\Next))
#40 C:\xampp\htdocs\luis-com\vendor\flarum\core\src\Http\Middleware\AuthenticateWithHeader.php(55): Laminas\Stratigility\Next->handle(Object(Laminas\Diactoros\ServerRequest))
#41 C:\xampp\htdocs\luis-com\vendor\laminas\laminas-stratigility\src\Next.php(61): Flarum\Http\Middleware\AuthenticateWithHeader->process(Object(Laminas\Diactoros\ServerRequest), Object(Laminas\Stratigility\Next))
#42 C:\xampp\htdocs\luis-com\vendor\flarum\core\src\Http\Middleware\AuthenticateWithSession.php(32): Laminas\Stratigility\Next->handle(Object(Laminas\Diactoros\ServerRequest))
#43 C:\xampp\htdocs\luis-com\vendor\laminas\laminas-stratigility\src\Next.php(61): Flarum\Http\Middleware\AuthenticateWithSession->process(Object(Laminas\Diactoros\ServerRequest), Object(Laminas\Stratigility\Next))
#44 C:\xampp\htdocs\luis-com\vendor\flarum\core\src\Http\Middleware\RememberFromCookie.php(51): Laminas\Stratigility\Next->handle(Object(Laminas\Diactoros\ServerRequest))
#45 C:\xampp\htdocs\luis-com\vendor\laminas\laminas-stratigility\src\Next.php(61): Flarum\Http\Middleware\RememberFromCookie->process(Object(Laminas\Diactoros\ServerRequest), Object(Laminas\Stratigility\Next))
#46 C:\xampp\htdocs\luis-com\vendor\flarum\core\src\Http\Middleware\StartSession.php(61): Laminas\Stratigility\Next->handle(Object(Laminas\Diactoros\ServerRequest))
#47 C:\xampp\htdocs\luis-com\vendor\laminas\laminas-stratigility\src\Next.php(61): Flarum\Http\Middleware\StartSession->process(Object(Laminas\Diactoros\ServerRequest), Object(Laminas\Stratigility\Next))
#48 C:\xampp\htdocs\luis-com\vendor\flarum\core\src\Api\Middleware\FakeHttpMethods.php(29): Laminas\Stratigility\Next->handle(Object(Laminas\Diactoros\ServerRequest))
#49 C:\xampp\htdocs\luis-com\vendor\laminas\laminas-stratigility\src\Next.php(61): Flarum\Api\Middleware\FakeHttpMethods->process(Object(Laminas\Diactoros\ServerRequest), Object(Laminas\Stratigility\Next))
#50 C:\xampp\htdocs\luis-com\vendor\flarum\core\src\Http\Middleware\ParseJsonBody.php(28): Laminas\Stratigility\Next->handle(Object(Laminas\Diactoros\ServerRequest))
#51 C:\xampp\htdocs\luis-com\vendor\laminas\laminas-stratigility\src\Next.php(61): Flarum\Http\Middleware\ParseJsonBody->process(Object(Laminas\Diactoros\ServerRequest), Object(Laminas\Stratigility\Next))
#52 C:\xampp\htdocs\luis-com\vendor\flarum\core\src\Http\Middleware\HandleErrors.php(57): Laminas\Stratigility\Next->handle(Object(Laminas\Diactoros\ServerRequest))
#53 C:\xampp\htdocs\luis-com\vendor\laminas\laminas-stratigility\src\Next.php(61): Flarum\Http\Middleware\HandleErrors->process(Object(Laminas\Diactoros\ServerRequest), Object(Laminas\Stratigility\Next))
#54 C:\xampp\htdocs\luis-com\vendor\laminas\laminas-stratigility\src\MiddlewarePipe.php(84): Laminas\Stratigility\Next->handle(Object(Laminas\Diactoros\ServerRequest))
#55 C:\xampp\htdocs\luis-com\vendor\middlewares\request-handler\src\RequestHandler.php(84): Laminas\Stratigility\MiddlewarePipe->process(Object(Laminas\Diactoros\ServerRequest), Object(Laminas\Stratigility\Next))
#56 C:\xampp\htdocs\luis-com\vendor\laminas\laminas-stratigility\src\Next.php(61): Middlewares\RequestHandler->process(Object(Laminas\Diactoros\ServerRequest), Object(Laminas\Stratigility\Next))
#57 C:\xampp\htdocs\luis-com\vendor\middlewares\base-path-router\src\BasePathRouter.php(97): Laminas\Stratigility\Next->handle(Object(Laminas\Diactoros\ServerRequest))
#58 C:\xampp\htdocs\luis-com\vendor\laminas\laminas-stratigility\src\Next.php(61): Middlewares\BasePathRouter->process(Object(Laminas\Diactoros\ServerRequest), Object(Laminas\Stratigility\Next))
#59 C:\xampp\htdocs\luis-com\vendor\laminas\laminas-stratigility\src\Middleware\OriginalMessages.php(42): Laminas\Stratigility\Next->handle(Object(Laminas\Diactoros\ServerRequest))
#60 C:\xampp\htdocs\luis-com\vendor\laminas\laminas-stratigility\src\Next.php(61): Laminas\Stratigility\Middleware\OriginalMessages->process(Object(Laminas\Diactoros\ServerRequest), Object(Laminas\Stratigility\Next))
#61 C:\xampp\htdocs\luis-com\vendor\middlewares\base-path\src\BasePath.php(53): Laminas\Stratigility\Next->handle(Object(Laminas\Diactoros\ServerRequest))
#62 C:\xampp\htdocs\luis-com\vendor\laminas\laminas-stratigility\src\Next.php(61): Middlewares\BasePath->process(Object(Laminas\Diactoros\ServerRequest), Object(Laminas\Stratigility\Next))
#63 C:\xampp\htdocs\luis-com\vendor\laminas\laminas-stratigility\src\MiddlewarePipe.php(84): Laminas\Stratigility\Next->handle(Object(Laminas\Diactoros\ServerRequest))
#64 C:\xampp\htdocs\luis-com\vendor\laminas\laminas-stratigility\src\MiddlewarePipe.php(73): Laminas\Stratigility\MiddlewarePipe->process(Object(Laminas\Diactoros\ServerRequest), Object(Laminas\Stratigility\EmptyPipelineHandler))
#65 C:\xampp\htdocs\luis-com\vendor\laminas\laminas-httphandlerrunner\src\RequestHandlerRunner.php(96): Laminas\Stratigility\MiddlewarePipe->handle(Object(Laminas\Diactoros\ServerRequest))
#66 C:\xampp\htdocs\luis-com\vendor\flarum\core\src\Http\Server.php(42): Laminas\HttpHandlerRunner\RequestHandlerRunner->run()
#67 C:\xampp\htdocs\luis-com\public\index.php(26): Flarum\Http\Server->listen()
#68 {main}

Next Swift_TransportException: Connection to smtp.sendgrid.net:465 Timed Out in C:\xampp\htdocs\luis-com\vendor\swiftmailer\swiftmailer\lib\classes\Swift\Transport\AbstractSmtpTransport.php:473
Stack trace:
#0 C:\xampp\htdocs\luis-com\vendor\swiftmailer\swiftmailer\lib\classes\Swift\Transport\AbstractSmtpTransport.php(358): Swift_Transport_AbstractSmtpTransport->getFullResponse(0)
#1 C:\xampp\htdocs\luis-com\vendor\swiftmailer\swiftmailer\lib\classes\Swift\Transport\AbstractSmtpTransport.php(147): Swift_Transport_AbstractSmtpTransport->readGreeting()
#2 C:\xampp\htdocs\luis-com\vendor\swiftmailer\swiftmailer\lib\classes\Swift\Mailer.php(65): Swift_Transport_AbstractSmtpTransport->start()
#3 C:\xampp\htdocs\luis-com\vendor\illuminate\mail\Mailer.php(483): Swift_Mailer->send(Object(Swift_Message), Array)
#4 C:\xampp\htdocs\luis-com\vendor\illuminate\mail\Mailer.php(259): Illuminate\Mail\Mailer->sendSwiftMessage(Object(Swift_Message))
#5 C:\xampp\htdocs\luis-com\vendor\illuminate\mail\Mailer.php(183): Illuminate\Mail\Mailer->send(NULL, Array, Object(Closure))
#6 C:\xampp\htdocs\luis-com\vendor\flarum\core\src\Mail\Job\SendRawEmailJob.php(34): Illuminate\Mail\Mailer->raw('Hey llupRisingl...', Object(Closure))
#7 [internal function]: Flarum\Mail\Job\SendRawEmailJob->handle(Object(Illuminate\Mail\Mailer))
#8 C:\xampp\htdocs\luis-com\vendor\illuminate\container\BoundMethod.php(29): call_user_func_array(Array, Array)
#9 C:\xampp\htdocs\luis-com\vendor\illuminate\container\BoundMethod.php(87): Illuminate\Container\BoundMethod::Illuminate\Container\{closure}()
#10 C:\xampp\htdocs\luis-com\vendor\illuminate\container\BoundMethod.php(31): Illuminate\Container\BoundMethod::callBoundMethod(Object(Flarum\Foundation\Application), Array, Object(Closure))
#11 C:\xampp\htdocs\luis-com\vendor\illuminate\container\Container.php(572): Illuminate\Container\BoundMethod::call(Object(Flarum\Foundation\Application), Array, Array, NULL)
#12 C:\xampp\htdocs\luis-com\vendor\illuminate\bus\Dispatcher.php(94): Illuminate\Container\Container->call(Array)
#13 C:\xampp\htdocs\luis-com\vendor\illuminate\pipeline\Pipeline.php(128): Illuminate\Bus\Dispatcher->Illuminate\Bus\{closure}(Object(Flarum\Mail\Job\SendRawEmailJob))
#14 C:\xampp\htdocs\luis-com\vendor\illuminate\pipeline\Pipeline.php(104): Illuminate\Pipeline\Pipeline->Illuminate\Pipeline\{closure}(Object(Flarum\Mail\Job\SendRawEmailJob))
#15 C:\xampp\htdocs\luis-com\vendor\illuminate\bus\Dispatcher.php(98): Illuminate\Pipeline\Pipeline->then(Object(Closure))
#16 C:\xampp\htdocs\luis-com\vendor\illuminate\queue\CallQueuedHandler.php(49): Illuminate\Bus\Dispatcher->dispatchNow(Object(Flarum\Mail\Job\SendRawEmailJob), false)
#17 C:\xampp\htdocs\luis-com\vendor\illuminate\queue\Jobs\Job.php(83): Illuminate\Queue\CallQueuedHandler->call(Object(Illuminate\Queue\Jobs\SyncJob), Array)
#18 C:\xampp\htdocs\luis-com\vendor\illuminate\queue\SyncQueue.php(42): Illuminate\Queue\Jobs\Job->fire()
#19 C:\xampp\htdocs\luis-com\vendor\flarum\core\src\User\EmailConfirmationMailer.php(57): Illuminate\Queue\SyncQueue->push(Object(Flarum\Mail\Job\SendRawEmailJob))
#20 [internal function]: Flarum\User\EmailConfirmationMailer->handle(Object(Flarum\User\Event\EmailChangeRequested))
#21 C:\xampp\htdocs\luis-com\vendor\illuminate\events\Dispatcher.php(379): call_user_func_array(Array, Array)
#22 C:\xampp\htdocs\luis-com\vendor\illuminate\events\Dispatcher.php(209): Illuminate\Events\Dispatcher->Illuminate\Events\{closure}('Flarum\\User\\Eve...', Array)
#23 C:\xampp\htdocs\luis-com\vendor\flarum\core\src\Foundation\DispatchEventsTrait.php(33): Illuminate\Events\Dispatcher->dispatch('Flarum\\User\\Eve...')
#24 C:\xampp\htdocs\luis-com\vendor\flarum\core\src\User\Command\EditUserHandler.php(140): Flarum\User\Command\EditUserHandler->dispatchEventsFor(Object(Flarum\User\User), Object(Flarum\User\User))
#25 C:\xampp\htdocs\luis-com\vendor\illuminate\bus\Dispatcher.php(90): Flarum\User\Command\EditUserHandler->handle(Object(Flarum\User\Command\EditUser))
#26 C:\xampp\htdocs\luis-com\vendor\illuminate\pipeline\Pipeline.php(128): Illuminate\Bus\Dispatcher->Illuminate\Bus\{closure}(Object(Flarum\User\Command\EditUser))
#27 C:\xampp\htdocs\luis-com\vendor\illuminate\pipeline\Pipeline.php(104): Illuminate\Pipeline\Pipeline->Illuminate\Pipeline\{closure}(Object(Flarum\User\Command\EditUser))
#28 C:\xampp\htdocs\luis-com\vendor\illuminate\bus\Dispatcher.php(98): Illuminate\Pipeline\Pipeline->then(Object(Closure))
#29 C:\xampp\htdocs\luis-com\vendor\illuminate\bus\Dispatcher.php(76): Illuminate\Bus\Dispatcher->dispatchNow(Object(Flarum\User\Command\EditUser))
#30 C:\xampp\htdocs\luis-com\vendor\flarum\core\src\Api\Controller\UpdateUserController.php(70): Illuminate\Bus\Dispatcher->dispatch(Object(Flarum\User\Command\EditUser))
#31 C:\xampp\htdocs\luis-com\vendor\flarum\core\src\Api\Controller\AbstractSerializeController.php(96): Flarum\Api\Controller\UpdateUserController->data(Object(Laminas\Diactoros\ServerRequest), Object(Tobscure\JsonApi\Document))
#32 C:\xampp\htdocs\luis-com\vendor\flarum\core\src\Http\RouteHandlerFactory.php(38): Flarum\Api\Controller\AbstractSerializeController->handle(Object(Laminas\Diactoros\ServerRequest))
#33 C:\xampp\htdocs\luis-com\vendor\flarum\core\src\Http\Middleware\DispatchRoute.php(65): Flarum\Http\RouteHandlerFactory->Flarum\Http\{closure}(Object(Laminas\Diactoros\ServerRequest), Array)
#34 C:\xampp\htdocs\luis-com\vendor\laminas\laminas-stratigility\src\Next.php(61): Flarum\Http\Middleware\DispatchRoute->process(Object(Laminas\Diactoros\ServerRequest), Object(Closure))
#35 C:\xampp\htdocs\luis-com\vendor\flarum\core\src\Http\Middleware\SetLocale.php(50): Laminas\Stratigility\Next->handle(Object(Laminas\Diactoros\ServerRequest))
#36 C:\xampp\htdocs\luis-com\vendor\laminas\laminas-stratigility\src\Next.php(61): Flarum\Http\Middleware\SetLocale->process(Object(Laminas\Diactoros\ServerRequest), Object(Laminas\Stratigility\Next))
#37 C:\xampp\htdocs\luis-com\vendor\flarum\core\src\Http\Middleware\CheckCsrfToken.php(45): Laminas\Stratigility\Next->handle(Object(Laminas\Diactoros\ServerRequest))
#38 C:\xampp\htdocs\luis-com\vendor\laminas\laminas-stratigility\src\Next.php(61): Flarum\Http\Middleware\CheckCsrfToken->process(Object(Laminas\Diactoros\ServerRequest), Object(Laminas\Stratigility\Next))
#39 C:\xampp\htdocs\luis-com\vendor\flarum\core\src\Http\Middleware\AuthenticateWithHeader.php(55): Laminas\Stratigility\Next->handle(Object(Laminas\Diactoros\ServerRequest))
#40 C:\xampp\htdocs\luis-com\vendor\laminas\laminas-stratigility\src\Next.php(61): Flarum\Http\Middleware\AuthenticateWithHeader->process(Object(Laminas\Diactoros\ServerRequest), Object(Laminas\Stratigility\Next))
#41 C:\xampp\htdocs\luis-com\vendor\flarum\core\src\Http\Middleware\AuthenticateWithSession.php(32): Laminas\Stratigility\Next->handle(Object(Laminas\Diactoros\ServerRequest))
#42 C:\xampp\htdocs\luis-com\vendor\laminas\laminas-stratigility\src\Next.php(61): Flarum\Http\Middleware\AuthenticateWithSession->process(Object(Laminas\Diactoros\ServerRequest), Object(Laminas\Stratigility\Next))
#43 C:\xampp\htdocs\luis-com\vendor\flarum\core\src\Http\Middleware\RememberFromCookie.php(51): Laminas\Stratigility\Next->handle(Object(Laminas\Diactoros\ServerRequest))
#44 C:\xampp\htdocs\luis-com\vendor\laminas\laminas-stratigility\src\Next.php(61): Flarum\Http\Middleware\RememberFromCookie->process(Object(Laminas\Diactoros\ServerRequest), Object(Laminas\Stratigility\Next))
#45 C:\xampp\htdocs\luis-com\vendor\flarum\core\src\Http\Middleware\StartSession.php(61): Laminas\Stratigility\Next->handle(Object(Laminas\Diactoros\ServerRequest))
#46 C:\xampp\htdocs\luis-com\vendor\laminas\laminas-stratigility\src\Next.php(61): Flarum\Http\Middleware\StartSession->process(Object(Laminas\Diactoros\ServerRequest), Object(Laminas\Stratigility\Next))
#47 C:\xampp\htdocs\luis-com\vendor\flarum\core\src\Api\Middleware\FakeHttpMethods.php(29): Laminas\Stratigility\Next->handle(Object(Laminas\Diactoros\ServerRequest))
#48 C:\xampp\htdocs\luis-com\vendor\laminas\laminas-stratigility\src\Next.php(61): Flarum\Api\Middleware\FakeHttpMethods->process(Object(Laminas\Diactoros\ServerRequest), Object(Laminas\Stratigility\Next))
#49 C:\xampp\htdocs\luis-com\vendor\flarum\core\src\Http\Middleware\ParseJsonBody.php(28): Laminas\Stratigility\Next->handle(Object(Laminas\Diactoros\ServerRequest))
#50 C:\xampp\htdocs\luis-com\vendor\laminas\laminas-stratigility\src\Next.php(61): Flarum\Http\Middleware\ParseJsonBody->process(Object(Laminas\Diactoros\ServerRequest), Object(Laminas\Stratigility\Next))
#51 C:\xampp\htdocs\luis-com\vendor\flarum\core\src\Http\Middleware\HandleErrors.php(57): Laminas\Stratigility\Next->handle(Object(Laminas\Diactoros\ServerRequest))
#52 C:\xampp\htdocs\luis-com\vendor\laminas\laminas-stratigility\src\Next.php(61): Flarum\Http\Middleware\HandleErrors->process(Object(Laminas\Diactoros\ServerRequest), Object(Laminas\Stratigility\Next))
#53 C:\xampp\htdocs\luis-com\vendor\laminas\laminas-stratigility\src\MiddlewarePipe.php(84): Laminas\Stratigility\Next->handle(Object(Laminas\Diactoros\ServerRequest))
#54 C:\xampp\htdocs\luis-com\vendor\middlewares\request-handler\src\RequestHandler.php(84): Laminas\Stratigility\MiddlewarePipe->process(Object(Laminas\Diactoros\ServerRequest), Object(Laminas\Stratigility\Next))
#55 C:\xampp\htdocs\luis-com\vendor\laminas\laminas-stratigility\src\Next.php(61): Middlewares\RequestHandler->process(Object(Laminas\Diactoros\ServerRequest), Object(Laminas\Stratigility\Next))
#56 C:\xampp\htdocs\luis-com\vendor\middlewares\base-path-router\src\BasePathRouter.php(97): Laminas\Stratigility\Next->handle(Object(Laminas\Diactoros\ServerRequest))
#57 C:\xampp\htdocs\luis-com\vendor\laminas\laminas-stratigility\src\Next.php(61): Middlewares\BasePathRouter->process(Object(Laminas\Diactoros\ServerRequest), Object(Laminas\Stratigility\Next))
#58 C:\xampp\htdocs\luis-com\vendor\laminas\laminas-stratigility\src\Middleware\OriginalMessages.php(42): Laminas\Stratigility\Next->handle(Object(Laminas\Diactoros\ServerRequest))
#59 C:\xampp\htdocs\luis-com\vendor\laminas\laminas-stratigility\src\Next.php(61): Laminas\Stratigility\Middleware\OriginalMessages->process(Object(Laminas\Diactoros\ServerRequest), Object(Laminas\Stratigility\Next))
#60 C:\xampp\htdocs\luis-com\vendor\middlewares\base-path\src\BasePath.php(53): Laminas\Stratigility\Next->handle(Object(Laminas\Diactoros\ServerRequest))
#61 C:\xampp\htdocs\luis-com\vendor\laminas\laminas-stratigility\src\Next.php(61): Middlewares\BasePath->process(Object(Laminas\Diactoros\ServerRequest), Object(Laminas\Stratigility\Next))
#62 C:\xampp\htdocs\luis-com\vendor\laminas\laminas-stratigility\src\MiddlewarePipe.php(84): Laminas\Stratigility\Next->handle(Object(Laminas\Diactoros\ServerRequest))
#63 C:\xampp\htdocs\luis-com\vendor\laminas\laminas-stratigility\src\MiddlewarePipe.php(73): Laminas\Stratigility\MiddlewarePipe->process(Object(Laminas\Diactoros\ServerRequest), Object(Laminas\Stratigility\EmptyPipelineHandler))
#64 C:\xampp\htdocs\luis-com\vendor\laminas\laminas-httphandlerrunner\src\RequestHandlerRunner.php(96): Laminas\Stratigility\MiddlewarePipe->handle(Object(Laminas\Diactoros\ServerRequest))
#65 C:\xampp\htdocs\luis-com\vendor\flarum\core\src\Http\Server.php(42): Laminas\HttpHandlerRunner\RequestHandlerRunner->run()
#66 C:\xampp\htdocs\luis-com\public\index.php(26): Flarum\Http\Server->listen()
#67 {main}  
